Command line: /Users/cmdb/miniconda3/bin/spades.py	-1	/Users/cmdb/qbb2019-answers/sep13/reads_1.fastq	-2	/Users/cmdb/qbb2019-answers/sep13/reads_2.fastq	--only-assembler	-o	/Users/cmdb/qbb2019-answers/sep13/kmers2_spades	

System information:
  SPAdes version: 3.13.1
  Python version: 3.6.7
  OS: Darwin-18.7.0-x86_64-i386-64bit

Output dir: /Users/cmdb/qbb2019-answers/sep13/kmers2_spades
Mode: ONLY assembling (without read error correction)
Debug mode is turned OFF

Dataset parameters:
  Multi-cell mode (you should set '--sc' flag if input data was obtained with MDA (single-cell) technology or --meta flag if processing metagenomic dataset)
  Reads:
    Library number: 1, library type: paired-end
      orientation: fr
      left reads: ['/Users/cmdb/qbb2019-answers/sep13/reads_1.fastq']
      right reads: ['/Users/cmdb/qbb2019-answers/sep13/reads_2.fastq']
      interlaced reads: not specified
      single reads: not specified
      merged reads: not specified
Assembly parameters:
  k: automatic selection based on read length
  Repeat resolution is enabled
  Mismatch careful mode is turned OFF
  MismatchCorrector will be SKIPPED
  Coverage cutoff is turned OFF
Other parameters:
  Dir for temp files: /Users/cmdb/qbb2019-answers/sep13/kmers2_spades/tmp
  Threads: 16
  Memory limit (in Gb): 250


======= SPAdes pipeline started. Log can be found here: /Users/cmdb/qbb2019-answers/sep13/kmers2_spades/spades.log


===== Assembling started.


== Running assembler: K21

  0:00:00.000     4M / 4M    INFO    General                 (main.cpp                  :  74)   Loaded config from /Users/cmdb/qbb2019-answers/sep13/kmers2_spades/K21/configs/config.info
  0:00:00.000     4M / 4M    INFO    General                 (memory_limit.cpp          :  49)   Memory limit set to 250 Gb
  0:00:00.000     4M / 4M    INFO    General                 (main.cpp                  :  87)   Starting SPAdes, built from N/A, git revision N/A
  0:00:00.000     4M / 4M    INFO    General                 (main.cpp                  :  88)   Maximum k-mer length: 128
  0:00:00.000     4M / 4M    INFO    General                 (main.cpp                  :  89)   Assembling dataset (/Users/cmdb/qbb2019-answers/sep13/kmers2_spades/dataset.info) with K=21
  0:00:00.000     4M / 4M    INFO    General                 (main.cpp                  :  90)   Maximum # of threads to use (adjusted due to OMP capabilities): 4
  0:00:00.000     4M / 4M    INFO    General                 (launch.hpp                :  52)   SPAdes started
  0:00:00.000     4M / 4M    INFO    General                 (launch.hpp                :  59)   Starting from stage: construction
  0:00:00.000     4M / 4M    INFO    General                 (launch.hpp                :  66)   Two-step RR enabled: 0
  0:00:00.000     4M / 4M    INFO   StageManager             (stage.cpp                 : 132)   STAGE == de Bruijn graph construction
  0:00:00.000     4M / 4M    INFO    General                 (read_converter.hpp        :  77)   Converting reads to binary format for library #0 (takes a while)
  0:00:00.001     4M / 4M    INFO    General                 (read_converter.hpp        :  78)   Converting paired reads
  0:00:00.168    76M / 84M   INFO    General                 (binary_converter.hpp      :  93)   16384 reads processed
  0:00:00.289    80M / 84M   INFO    General                 (binary_converter.hpp      :  93)   32768 reads processed
  0:00:00.530    96M / 96M   INFO    General                 (binary_converter.hpp      :  93)   65536 reads processed
  0:00:00.999   128M / 128M  INFO    General                 (binary_converter.hpp      :  93)   131072 reads processed
  0:00:01.983   188M / 188M  INFO    General                 (binary_converter.hpp      :  93)   262144 reads processed
  0:00:03.042   208M / 208M  INFO    General                 (binary_converter.hpp      : 117)   306174 reads written
  0:00:03.189     4M / 208M  INFO    General                 (read_converter.hpp        :  87)   Converting single reads
  0:00:03.285   132M / 208M  INFO    General                 (binary_converter.hpp      : 117)   0 reads written
  0:00:03.290     4M / 208M  INFO    General                 (read_converter.hpp        :  95)   Converting merged reads
  0:00:03.387   132M / 208M  INFO    General                 (binary_converter.hpp      : 117)   0 reads written
  0:00:03.400     4M / 208M  INFO    General                 (construction.cpp          : 111)   Max read length 100
  0:00:03.400     4M / 208M  INFO    General                 (construction.cpp          : 117)   Average read length 91.2303
  0:00:03.400     4M / 208M  INFO    General                 (stage.cpp                 : 101)   PROCEDURE == k+1-mer counting
  0:00:03.400     4M / 208M  INFO    General                 (kmer_index_builder.hpp    : 117)   Splitting kmer instances into 16 files using 4 threads. This might take a while.
  0:00:03.400     4M / 208M  INFO    General                 (file_limit.hpp            :  32)   Open file limit set to 256
  0:00:03.400     4M / 208M  INFO    General                 (kmer_splitters.hpp        :  89)   Memory available for splitting buffers: 20.833 Gb
  0:00:03.400     4M / 208M  INFO    General                 (kmer_splitters.hpp        :  97)   Using cell size of 4194304
  0:00:05.766     2G / 2G    INFO    General                 (kmer_splitters.hpp        : 289)   Processed 1224696 reads
  0:00:05.766     2G / 2G    INFO    General                 (kmer_splitters.hpp        : 295)   Adding contigs from previous K
  0:00:05.786    16M / 2G    INFO    General                 (kmer_splitters.hpp        : 308)   Used 1224696 reads
  0:00:05.786    16M / 2G    INFO    General                 (kmer_index_builder.hpp    : 120)   Starting k-mer counting.
  0:00:05.805    16M / 2G    INFO    General                 (kmer_index_builder.hpp    : 127)   K-mer counting done. There are 101311 kmers in total.
  0:00:05.805    16M / 2G    INFO    General                 (kmer_index_builder.hpp    : 133)   Merging temporary buckets.
  0:00:05.822    16M / 2G    INFO    General                 (stage.cpp                 : 101)   PROCEDURE == Extension index construction
  0:00:05.822    16M / 2G    INFO   K-mer Index Building     (kmer_index_builder.hpp    : 301)   Building kmer index
  0:00:05.822    16M / 2G    INFO    General                 (kmer_index_builder.hpp    : 117)   Splitting kmer instances into 64 files using 4 threads. This might take a while.
  0:00:05.822    16M / 2G    INFO    General                 (file_limit.hpp            :  32)   Open file limit set to 256
  0:00:05.822    16M / 2G    INFO    General                 (kmer_splitters.hpp        :  89)   Memory available for splitting buffers: 20.832 Gb
  0:00:05.822    16M / 2G    INFO    General                 (kmer_splitters.hpp        :  97)   Using cell size of 1048576
  0:00:05.876     3G / 3G    INFO    General                 (kmer_splitters.hpp        : 380)   Processed 101311 kmers
  0:00:05.876     3G / 3G    INFO    General                 (kmer_splitters.hpp        : 385)   Used 101311 kmers.
  0:00:05.878    16M / 3G    INFO    General                 (kmer_index_builder.hpp    : 120)   Starting k-mer counting.
  0:00:05.935    16M / 3G    INFO    General                 (kmer_index_builder.hpp    : 127)   K-mer counting done. There are 101272 kmers in total.
  0:00:05.935    16M / 3G    INFO    General                 (kmer_index_builder.hpp    : 133)   Merging temporary buckets.
  0:00:05.976    16M / 3G    INFO   K-mer Index Building     (kmer_index_builder.hpp    : 314)   Building perfect hash indices
  0:00:06.005    16M / 3G    INFO    General                 (kmer_index_builder.hpp    : 150)   Merging final buckets.
  0:00:06.014    16M / 3G    INFO   K-mer Index Building     (kmer_index_builder.hpp    : 336)   Index built. Total 55520 bytes occupied (4.38581 bits per kmer).
  0:00:06.014    16M / 3G    INFO   DeBruijnExtensionIndexBu (kmer_extension_index_build:  99)   Building k-mer extensions from k+1-mers
  0:00:06.025    16M / 3G    INFO   DeBruijnExtensionIndexBu (kmer_extension_index_build: 103)   Building k-mer extensions from k+1-mers finished.
  0:00:06.025    16M / 3G    INFO    General                 (stage.cpp                 : 101)   PROCEDURE == Early tip clipping
  0:00:06.025    16M / 3G    INFO    General                 (construction.cpp          : 253)   Early tip clipper length bound set as (RL - K)
  0:00:06.025    16M / 3G    INFO   Early tip clipping       (early_simplification.hpp  : 181)   Early tip clipping
  0:00:06.063    16M / 3G    INFO   Early tip clipping       (early_simplification.hpp  : 184)   847 22-mers were removed by early tip clipper
  0:00:06.063    16M / 3G    INFO    General                 (stage.cpp                 : 101)   PROCEDURE == Condensing graph
  0:00:06.070    16M / 3G    INFO   UnbranchingPathExtractor (debruijn_graph_constructor: 355)   Extracting unbranching paths
  0:00:06.085    16M / 3G    INFO   UnbranchingPathExtractor (debruijn_graph_constructor: 374)   Extracting unbranching paths finished. 142 sequences extracted
  0:00:06.094    16M / 3G    INFO   UnbranchingPathExtractor (debruijn_graph_constructor: 310)   Collecting perfect loops
  0:00:06.105    16M / 3G    INFO   UnbranchingPathExtractor (debruijn_graph_constructor: 343)   Collecting perfect loops finished. 0 loops collected
  0:00:06.105    16M / 3G    INFO    General                 (stage.cpp                 : 101)   PROCEDURE == Filling coverage indices (PHM)
  0:00:06.105    16M / 3G    INFO   K-mer Index Building     (kmer_index_builder.hpp    : 301)   Building kmer index
  0:00:06.105    16M / 3G    INFO   K-mer Index Building     (kmer_index_builder.hpp    : 314)   Building perfect hash indices
  0:00:06.115    16M / 3G    INFO   K-mer Index Building     (kmer_index_builder.hpp    : 336)   Index built. Total 49144 bytes occupied (3.88064 bits per kmer).
  0:00:06.116    16M / 3G    INFO    General                 (construction.cpp          : 388)   Collecting k-mer coverage information from reads, this takes a while.
  0:00:08.475    16M / 3G    INFO    General                 (construction.cpp          : 508)   Filling coverage and flanking coverage from PHM
  0:00:08.483    16M / 3G    INFO   StageManager             (stage.cpp                 : 132)   STAGE == EC Threshold Finding
  0:00:08.483    16M / 3G    INFO    General                 (kmer_coverage_model.cpp   : 181)   Kmer coverage valley at: 5
  0:00:08.483    16M / 3G    INFO    General                 (kmer_coverage_model.cpp   : 201)   K-mer histogram maximum: 418
  0:00:08.483    16M / 3G    INFO    General                 (kmer_coverage_model.cpp   : 237)   Estimated median coverage: 418. Coverage mad: 66.717
  0:00:08.483    16M / 3G    INFO    General                 (kmer_coverage_model.cpp   : 259)   Fitting coverage model
  0:00:08.583    16M / 3G    INFO    General                 (kmer_coverage_model.cpp   : 295)   ... iteration 2
  0:00:08.844    16M / 3G    INFO    General                 (kmer_coverage_model.cpp   : 295)   ... iteration 4
  0:00:10.010    16M / 3G    INFO    General                 (kmer_coverage_model.cpp   : 295)   ... iteration 8
  0:00:12.529    16M / 3G    INFO    General                 (kmer_coverage_model.cpp   : 295)   ... iteration 16
  0:00:17.052    16M / 3G    INFO    General                 (kmer_coverage_model.cpp   : 295)   ... iteration 32
  0:00:17.602    16M / 3G    INFO    General                 (kmer_coverage_model.cpp   : 309)   Fitted mean coverage: 406.696. Fitted coverage std. dev: 71.5286
  0:00:17.607    16M / 3G    INFO    General                 (kmer_coverage_model.cpp   : 334)   Probability of erroneous kmer at valley: 0.999669
  0:00:17.608    16M / 3G    INFO    General                 (kmer_coverage_model.cpp   : 358)   Preliminary threshold calculated as: 197
  0:00:17.608    16M / 3G    INFO    General                 (kmer_coverage_model.cpp   : 362)   Threshold adjusted to: 197
  0:00:17.608    16M / 3G    INFO    General                 (kmer_coverage_model.cpp   : 375)   Estimated genome size (ignoring repeats): 98954
  0:00:17.608    16M / 3G    INFO    General                 (genomic_info_filler.cpp   : 112)   Mean coverage was calculated as 406.696
  0:00:17.608    16M / 3G    INFO    General                 (genomic_info_filler.cpp   : 127)   EC coverage threshold value was calculated as 197
  0:00:17.608    16M / 3G    INFO    General                 (genomic_info_filler.cpp   : 128)   Trusted kmer low bound: 0
  0:00:17.608    16M / 3G    INFO   StageManager             (stage.cpp                 : 132)   STAGE == Raw Simplification
  0:00:17.608    16M / 3G    INFO    General                 (simplification.cpp        : 128)   PROCEDURE == InitialCleaning
  0:00:17.608    16M / 3G    INFO    General                 (graph_simplification.hpp  : 669)   Flanking coverage based disconnection disabled
  0:00:17.608    16M / 3G    INFO   Simplification           (parallel_processing.hpp   : 165)   Running Self conjugate edge remover
  0:00:17.608    16M / 3G    INFO   Simplification           (parallel_processing.hpp   : 167)   Self conjugate edge remover triggered 0 times
  0:00:17.608    16M / 3G    INFO   Simplification           (parallel_processing.hpp   : 165)   Running Initial tip clipper
  0:00:17.608    16M / 3G    INFO   Simplification           (parallel_processing.hpp   : 167)   Initial tip clipper triggered 9 times
  0:00:17.608    16M / 3G    INFO   Simplification           (parallel_processing.hpp   : 165)   Running Initial ec remover
  0:00:17.609    16M / 3G    INFO   Simplification           (parallel_processing.hpp   : 167)   Initial ec remover triggered 12 times
  0:00:17.609    16M / 3G    INFO   Simplification           (parallel_processing.hpp   : 165)   Running Initial isolated edge remover
  0:00:17.609    16M / 3G    INFO   Simplification           (parallel_processing.hpp   : 167)   Initial isolated edge remover triggered 1 times
  0:00:17.609    16M / 3G    INFO   StageManager             (stage.cpp                 : 132)   STAGE == Simplification
  0:00:17.609    16M / 3G    INFO    General                 (simplification.cpp        : 357)   Graph simplification started
  0:00:17.609    16M / 3G    INFO    General                 (graph_simplification.hpp  : 641)   Creating parallel br instance
  0:00:17.609    16M / 3G    INFO    General                 (simplification.cpp        : 362)   PROCEDURE == Simplification cycle, iteration 1
  0:00:17.609    16M / 3G    INFO   Simplification           (parallel_processing.hpp   : 165)   Running Tip clipper
  0:00:17.609    16M / 3G    INFO   Simplification           (parallel_processing.hpp   : 167)   Tip clipper triggered 1 times
  0:00:17.609    16M / 3G    INFO   Simplification           (parallel_processing.hpp   : 165)   Running Bulge remover
  0:00:17.610    16M / 3G    INFO   Simplification           (parallel_processing.hpp   : 167)   Bulge remover triggered 15 times
  0:00:17.610    16M / 3G    INFO   Simplification           (parallel_processing.hpp   : 165)   Running Low coverage edge remover
  0:00:17.611    16M / 3G    INFO   Simplification           (parallel_processing.hpp   : 167)   Low coverage edge remover triggered 4 times
  0:00:17.611    16M / 3G    INFO    General                 (simplification.cpp        : 362)   PROCEDURE == Simplification cycle, iteration 2
  0:00:17.611    16M / 3G    INFO   Simplification           (parallel_processing.hpp   : 165)   Running Tip clipper
  0:00:17.611    16M / 3G    INFO   Simplification           (parallel_processing.hpp   : 167)   Tip clipper triggered 1 times
  0:00:17.611    16M / 3G    INFO   Simplification           (parallel_processing.hpp   : 165)   Running Bulge remover
  0:00:17.611    16M / 3G    INFO   Simplification           (parallel_processing.hpp   : 167)   Bulge remover triggered 3 times
  0:00:17.611    16M / 3G    INFO   Simplification           (parallel_processing.hpp   : 165)   Running Low coverage edge remover
  0:00:17.611    16M / 3G    INFO   Simplification           (parallel_processing.hpp   : 167)   Low coverage edge remover triggered 0 times
  0:00:17.611    16M / 3G    INFO    General                 (simplification.cpp        : 362)   PROCEDURE == Simplification cycle, iteration 3
  0:00:17.611    16M / 3G    INFO   Simplification           (parallel_processing.hpp   : 165)   Running Tip clipper
  0:00:17.611    16M / 3G    INFO   Simplification           (parallel_processing.hpp   : 167)   Tip clipper triggered 0 times
  0:00:17.611    16M / 3G    INFO   Simplification           (parallel_processing.hpp   : 165)   Running Bulge remover
  0:00:17.611    16M / 3G    INFO   Simplification           (parallel_processing.hpp   : 167)   Bulge remover triggered 0 times
  0:00:17.611    16M / 3G    INFO   Simplification           (parallel_processing.hpp   : 165)   Running Low coverage edge remover
  0:00:17.611    16M / 3G    INFO   Simplification           (parallel_processing.hpp   : 167)   Low coverage edge remover triggered 0 times
  0:00:17.611    16M / 3G    INFO    General                 (simplification.cpp        : 362)   PROCEDURE == Simplification cycle, iteration 4
  0:00:17.611    16M / 3G    INFO   Simplification           (parallel_processing.hpp   : 165)   Running Tip clipper
  0:00:17.611    16M / 3G    INFO   Simplification           (parallel_processing.hpp   : 167)   Tip clipper triggered 0 times
  0:00:17.611    16M / 3G    INFO   Simplification           (parallel_processing.hpp   : 165)   Running Bulge remover
  0:00:17.611    16M / 3G    INFO   Simplification           (parallel_processing.hpp   : 167)   Bulge remover triggered 0 times
  0:00:17.611    16M / 3G    INFO   Simplification           (parallel_processing.hpp   : 165)   Running Low coverage edge remover
  0:00:17.611    16M / 3G    INFO   Simplification           (parallel_processing.hpp   : 167)   Low coverage edge remover triggered 0 times
  0:00:17.611    16M / 3G    INFO    General                 (simplification.cpp        : 362)   PROCEDURE == Simplification cycle, iteration 5
  0:00:17.611    16M / 3G    INFO   Simplification           (parallel_processing.hpp   : 165)   Running Tip clipper
  0:00:17.611    16M / 3G    INFO   Simplification           (parallel_processing.hpp   : 167)   Tip clipper triggered 0 times
  0:00:17.611    16M / 3G    INFO   Simplification           (parallel_processing.hpp   : 165)   Running Bulge remover
  0:00:17.611    16M / 3G    INFO   Simplification           (parallel_processing.hpp   : 167)   Bulge remover triggered 0 times
  0:00:17.611    16M / 3G    INFO   Simplification           (parallel_processing.hpp   : 165)   Running Low coverage edge remover
  0:00:17.611    16M / 3G    INFO   Simplification           (parallel_processing.hpp   : 167)   Low coverage edge remover triggered 0 times
  0:00:17.611    16M / 3G    INFO    General                 (simplification.cpp        : 362)   PROCEDURE == Simplification cycle, iteration 6
  0:00:17.611    16M / 3G    INFO   Simplification           (parallel_processing.hpp   : 165)   Running Tip clipper
  0:00:17.611    16M / 3G    INFO   Simplification           (parallel_processing.hpp   : 167)   Tip clipper triggered 0 times
  0:00:17.611    16M / 3G    INFO   Simplification           (parallel_processing.hpp   : 165)   Running Bulge remover
  0:00:17.611    16M / 3G    INFO   Simplification           (parallel_processing.hpp   : 167)   Bulge remover triggered 0 times
  0:00:17.611    16M / 3G    INFO   Simplification           (parallel_processing.hpp   : 165)   Running Low coverage edge remover
  0:00:17.611    16M / 3G    INFO   Simplification           (parallel_processing.hpp   : 167)   Low coverage edge remover triggered 0 times
  0:00:17.611    16M / 3G    INFO    General                 (simplification.cpp        : 362)   PROCEDURE == Simplification cycle, iteration 7
  0:00:17.611    16M / 3G    INFO   Simplification           (parallel_processing.hpp   : 165)   Running Tip clipper
  0:00:17.611    16M / 3G    INFO   Simplification           (parallel_processing.hpp   : 167)   Tip clipper triggered 0 times
  0:00:17.611    16M / 3G    INFO   Simplification           (parallel_processing.hpp   : 165)   Running Bulge remover
  0:00:17.611    16M / 3G    INFO   Simplification           (parallel_processing.hpp   : 167)   Bulge remover triggered 0 times
  0:00:17.611    16M / 3G    INFO   Simplification           (parallel_processing.hpp   : 165)   Running Low coverage edge remover
  0:00:17.611    16M / 3G    INFO   Simplification           (parallel_processing.hpp   : 167)   Low coverage edge remover triggered 0 times
  0:00:17.611    16M / 3G    INFO    General                 (simplification.cpp        : 362)   PROCEDURE == Simplification cycle, iteration 8
  0:00:17.611    16M / 3G    INFO   Simplification           (parallel_processing.hpp   : 165)   Running Tip clipper
  0:00:17.611    16M / 3G    INFO   Simplification           (parallel_processing.hpp   : 167)   Tip clipper triggered 0 times
  0:00:17.611    16M / 3G    INFO   Simplification           (parallel_processing.hpp   : 165)   Running Bulge remover
  0:00:17.611    16M / 3G    INFO   Simplification           (parallel_processing.hpp   : 167)   Bulge remover triggered 0 times
  0:00:17.611    16M / 3G    INFO   Simplification           (parallel_processing.hpp   : 165)   Running Low coverage edge remover
  0:00:17.611    16M / 3G    INFO   Simplification           (parallel_processing.hpp   : 167)   Low coverage edge remover triggered 0 times
  0:00:17.611    16M / 3G    INFO    General                 (simplification.cpp        : 362)   PROCEDURE == Simplification cycle, iteration 9
  0:00:17.611    16M / 3G    INFO   Simplification           (parallel_processing.hpp   : 165)   Running Tip clipper
  0:00:17.611    16M / 3G    INFO   Simplification           (parallel_processing.hpp   : 167)   Tip clipper triggered 0 times
  0:00:17.611    16M / 3G    INFO   Simplification           (parallel_processing.hpp   : 165)   Running Bulge remover
  0:00:17.611    16M / 3G    INFO   Simplification           (parallel_processing.hpp   : 167)   Bulge remover triggered 0 times
  0:00:17.611    16M / 3G    INFO   Simplification           (parallel_processing.hpp   : 165)   Running Low coverage edge remover
  0:00:17.611    16M / 3G    INFO   Simplification           (parallel_processing.hpp   : 167)   Low coverage edge remover triggered 0 times
  0:00:17.611    16M / 3G    INFO    General                 (simplification.cpp        : 362)   PROCEDURE == Simplification cycle, iteration 10
  0:00:17.611    16M / 3G    INFO   Simplification           (parallel_processing.hpp   : 165)   Running Tip clipper
  0:00:17.611    16M / 3G    INFO   Simplification           (parallel_processing.hpp   : 167)   Tip clipper triggered 0 times
  0:00:17.611    16M / 3G    INFO   Simplification           (parallel_processing.hpp   : 165)   Running Bulge remover
  0:00:17.611    16M / 3G    INFO   Simplification           (parallel_processing.hpp   : 167)   Bulge remover triggered 0 times
  0:00:17.611    16M / 3G    INFO   Simplification           (parallel_processing.hpp   : 165)   Running Low coverage edge remover
  0:00:17.611    16M / 3G    INFO   Simplification           (parallel_processing.hpp   : 167)   Low coverage edge remover triggered 0 times
  0:00:17.611    16M / 3G    INFO    General                 (simplification.cpp        : 362)   PROCEDURE == Simplification cycle, iteration 11
  0:00:17.611    16M / 3G    INFO   Simplification           (parallel_processing.hpp   : 165)   Running Tip clipper
  0:00:17.612    16M / 3G    INFO   Simplification           (parallel_processing.hpp   : 167)   Tip clipper triggered 0 times
  0:00:17.612    16M / 3G    INFO   Simplification           (parallel_processing.hpp   : 165)   Running Bulge remover
  0:00:17.612    16M / 3G    INFO   Simplification           (parallel_processing.hpp   : 167)   Bulge remover triggered 0 times
  0:00:17.612    16M / 3G    INFO   Simplification           (parallel_processing.hpp   : 165)   Running Low coverage edge remover
  0:00:17.612    16M / 3G    INFO   Simplification           (parallel_processing.hpp   : 167)   Low coverage edge remover triggered 0 times
  0:00:17.612    16M / 3G    INFO   StageManager             (stage.cpp                 : 132)   STAGE == Simplification Cleanup
  0:00:17.612    16M / 3G    INFO    General                 (simplification.cpp        : 196)   PROCEDURE == Post simplification
  0:00:17.612    16M / 3G    INFO    General                 (graph_simplification.hpp  : 458)   Disconnection of relatively low covered edges disabled
  0:00:17.612    16M / 3G    INFO    General                 (graph_simplification.hpp  : 494)   Complex tip clipping disabled
  0:00:17.612    16M / 3G    INFO    General                 (graph_simplification.hpp  : 641)   Creating parallel br instance
  0:00:17.612    16M / 3G    INFO   Simplification           (parallel_processing.hpp   : 165)   Running Tip clipper
  0:00:17.612    16M / 3G    INFO   Simplification           (parallel_processing.hpp   : 167)   Tip clipper triggered 0 times
  0:00:17.612    16M / 3G    INFO   Simplification           (parallel_processing.hpp   : 165)   Running Bulge remover
  0:00:17.612    16M / 3G    INFO   Simplification           (parallel_processing.hpp   : 167)   Bulge remover triggered 0 times
  0:00:17.612    16M / 3G    INFO   Simplification           (parallel_processing.hpp   : 165)   Running Tip clipper
  0:00:17.612    16M / 3G    INFO   Simplification           (parallel_processing.hpp   : 167)   Tip clipper triggered 0 times
  0:00:17.612    16M / 3G    INFO   Simplification           (parallel_processing.hpp   : 165)   Running Bulge remover
  0:00:17.612    16M / 3G    INFO   Simplification           (parallel_processing.hpp   : 167)   Bulge remover triggered 0 times
  0:00:17.612    16M / 3G    INFO    General                 (simplification.cpp        : 330)   Disrupting self-conjugate edges
  0:00:17.612    16M / 3G    INFO   Simplification           (parallel_processing.hpp   : 165)   Running Removing isolated edges
  0:00:17.612    16M / 3G    INFO   Simplification           (parallel_processing.hpp   : 167)   Removing isolated edges triggered 0 times
  0:00:17.612    16M / 3G    INFO    General                 (simplification.cpp        : 470)   Counting average coverage
  0:00:17.612    16M / 3G    INFO    General                 (simplification.cpp        : 476)   Average coverage = 430.577
  0:00:17.612    16M / 3G    INFO   StageManager             (stage.cpp                 : 132)   STAGE == Contig Output
  0:00:17.612    16M / 3G    INFO    General                 (contig_output.hpp         :  22)   Outputting contigs to /Users/cmdb/qbb2019-answers/sep13/kmers2_spades//K21/simplified_contigs.fasta
  0:00:17.616    16M / 3G    INFO    General                 (launch.hpp                : 151)   SPAdes finished
  0:00:17.616    16M / 3G    INFO    General                 (main.cpp                  : 109)   Assembling time: 0 hours 0 minutes 17 seconds
Max read length detected as 100

== Running assembler: K33

  0:00:00.000     4M / 4M    INFO    General                 (main.cpp                  :  74)   Loaded config from /Users/cmdb/qbb2019-answers/sep13/kmers2_spades/K33/configs/config.info
  0:00:00.000     4M / 4M    INFO    General                 (memory_limit.cpp          :  49)   Memory limit set to 250 Gb
  0:00:00.000     4M / 4M    INFO    General                 (main.cpp                  :  87)   Starting SPAdes, built from N/A, git revision N/A
  0:00:00.000     4M / 4M    INFO    General                 (main.cpp                  :  88)   Maximum k-mer length: 128
  0:00:00.000     4M / 4M    INFO    General                 (main.cpp                  :  89)   Assembling dataset (/Users/cmdb/qbb2019-answers/sep13/kmers2_spades/dataset.info) with K=33
  0:00:00.000     4M / 4M    INFO    General                 (main.cpp                  :  90)   Maximum # of threads to use (adjusted due to OMP capabilities): 4
  0:00:00.000     4M / 4M    INFO    General                 (launch.hpp                :  52)   SPAdes started
  0:00:00.000     4M / 4M    INFO    General                 (launch.hpp                :  59)   Starting from stage: construction
  0:00:00.000     4M / 4M    INFO    General                 (launch.hpp                :  66)   Two-step RR enabled: 0
  0:00:00.000     4M / 4M    INFO   StageManager             (stage.cpp                 : 132)   STAGE == de Bruijn graph construction
  0:00:00.002     4M / 4M    INFO    General                 (read_converter.hpp        :  59)   Binary reads detected
  0:00:00.008     4M / 4M    INFO    General                 (construction.cpp          : 111)   Max read length 100
  0:00:00.008     4M / 4M    INFO    General                 (construction.cpp          : 117)   Average read length 91.2303
  0:00:00.008     4M / 4M    INFO    General                 (stage.cpp                 : 101)   PROCEDURE == k+1-mer counting
  0:00:00.008     4M / 4M    INFO    General                 (kmer_index_builder.hpp    : 117)   Splitting kmer instances into 16 files using 4 threads. This might take a while.
  0:00:00.009     4M / 4M    INFO    General                 (file_limit.hpp            :  32)   Open file limit set to 256
  0:00:00.009     4M / 4M    INFO    General                 (kmer_splitters.hpp        :  89)   Memory available for splitting buffers: 20.833 Gb
  0:00:00.009     4M / 4M    INFO    General                 (kmer_splitters.hpp        :  97)   Using cell size of 2097152
  0:00:02.291     2G / 2G    INFO    General                 (kmer_splitters.hpp        : 289)   Processed 1224696 reads
  0:00:02.291     2G / 2G    INFO    General                 (kmer_splitters.hpp        : 295)   Adding contigs from previous K
  0:00:02.386    16M / 2G    INFO    General                 (kmer_splitters.hpp        : 308)   Used 1224696 reads
  0:00:02.386    16M / 2G    INFO    General                 (kmer_index_builder.hpp    : 120)   Starting k-mer counting.
  0:00:02.413    16M / 2G    INFO    General                 (kmer_index_builder.hpp    : 127)   K-mer counting done. There are 101682 kmers in total.
  0:00:02.413    16M / 2G    INFO    General                 (kmer_index_builder.hpp    : 133)   Merging temporary buckets.
  0:00:02.428    16M / 2G    INFO    General                 (stage.cpp                 : 101)   PROCEDURE == Extension index construction
  0:00:02.428    16M / 2G    INFO   K-mer Index Building     (kmer_index_builder.hpp    : 301)   Building kmer index
  0:00:02.428    16M / 2G    INFO    General                 (kmer_index_builder.hpp    : 117)   Splitting kmer instances into 64 files using 4 threads. This might take a while.
  0:00:02.429    16M / 2G    INFO    General                 (file_limit.hpp            :  32)   Open file limit set to 256
  0:00:02.429    16M / 2G    INFO    General                 (kmer_splitters.hpp        :  89)   Memory available for splitting buffers: 20.832 Gb
  0:00:02.429    16M / 2G    INFO    General                 (kmer_splitters.hpp        :  97)   Using cell size of 524288
  0:00:02.486     3G / 3G    INFO    General                 (kmer_splitters.hpp        : 380)   Processed 101682 kmers
  0:00:02.486     3G / 3G    INFO    General                 (kmer_splitters.hpp        : 385)   Used 101682 kmers.
  0:00:02.488    16M / 3G    INFO    General                 (kmer_index_builder.hpp    : 120)   Starting k-mer counting.
  0:00:02.552    16M / 3G    INFO    General                 (kmer_index_builder.hpp    : 127)   K-mer counting done. There are 101655 kmers in total.
  0:00:02.552    16M / 3G    INFO    General                 (kmer_index_builder.hpp    : 133)   Merging temporary buckets.
  0:00:02.602    16M / 3G    INFO   K-mer Index Building     (kmer_index_builder.hpp    : 314)   Building perfect hash indices
  0:00:02.633    16M / 3G    INFO    General                 (kmer_index_builder.hpp    : 150)   Merging final buckets.
  0:00:02.642    16M / 3G    INFO   K-mer Index Building     (kmer_index_builder.hpp    : 336)   Index built. Total 55728 bytes occupied (4.38566 bits per kmer).
  0:00:02.642    16M / 3G    INFO   DeBruijnExtensionIndexBu (kmer_extension_index_build:  99)   Building k-mer extensions from k+1-mers
  0:00:02.653    16M / 3G    INFO   DeBruijnExtensionIndexBu (kmer_extension_index_build: 103)   Building k-mer extensions from k+1-mers finished.
  0:00:02.653    16M / 3G    INFO    General                 (stage.cpp                 : 101)   PROCEDURE == Early tip clipping
  0:00:02.653    16M / 3G    INFO    General                 (construction.cpp          : 253)   Early tip clipper length bound set as (RL - K)
  0:00:02.653    16M / 3G    INFO   Early tip clipping       (early_simplification.hpp  : 181)   Early tip clipping
  0:00:02.688    16M / 3G    INFO   Early tip clipping       (early_simplification.hpp  : 184)   907 34-mers were removed by early tip clipper
  0:00:02.688    16M / 3G    INFO    General                 (stage.cpp                 : 101)   PROCEDURE == Condensing graph
  0:00:02.696    16M / 3G    INFO   UnbranchingPathExtractor (debruijn_graph_constructor: 355)   Extracting unbranching paths
  0:00:02.711    16M / 3G    INFO   UnbranchingPathExtractor (debruijn_graph_constructor: 374)   Extracting unbranching paths finished. 118 sequences extracted
  0:00:02.721    16M / 3G    INFO   UnbranchingPathExtractor (debruijn_graph_constructor: 310)   Collecting perfect loops
  0:00:02.733    16M / 3G    INFO   UnbranchingPathExtractor (debruijn_graph_constructor: 343)   Collecting perfect loops finished. 0 loops collected
  0:00:02.734    16M / 3G    INFO    General                 (stage.cpp                 : 101)   PROCEDURE == Filling coverage indices (PHM)
  0:00:02.734    16M / 3G    INFO   K-mer Index Building     (kmer_index_builder.hpp    : 301)   Building kmer index
  0:00:02.734    16M / 3G    INFO   K-mer Index Building     (kmer_index_builder.hpp    : 314)   Building perfect hash indices
  0:00:02.744    16M / 3G    INFO   K-mer Index Building     (kmer_index_builder.hpp    : 336)   Index built. Total 49336 bytes occupied (3.88159 bits per kmer).
  0:00:02.744    16M / 3G    INFO    General                 (construction.cpp          : 388)   Collecting k-mer coverage information from reads, this takes a while.
  0:00:04.666    16M / 3G    INFO    General                 (construction.cpp          : 508)   Filling coverage and flanking coverage from PHM
  0:00:04.675    16M / 3G    INFO   StageManager             (stage.cpp                 : 132)   STAGE == EC Threshold Finding
  0:00:04.675    16M / 3G    INFO    General                 (kmer_coverage_model.cpp   : 181)   Kmer coverage valley at: 5
  0:00:04.675    16M / 3G    INFO    General                 (kmer_coverage_model.cpp   : 201)   K-mer histogram maximum: 356
  0:00:04.675    16M / 3G    INFO    General                 (kmer_coverage_model.cpp   : 237)   Estimated median coverage: 356. Coverage mad: 62.2692
  0:00:04.675    16M / 3G    INFO    General                 (kmer_coverage_model.cpp   : 259)   Fitting coverage model
  0:00:04.769    16M / 3G    INFO    General                 (kmer_coverage_model.cpp   : 295)   ... iteration 2
  0:00:05.028    16M / 3G    INFO    General                 (kmer_coverage_model.cpp   : 295)   ... iteration 4
  0:00:05.987    16M / 3G    INFO    General                 (kmer_coverage_model.cpp   : 295)   ... iteration 8
  0:00:08.182    16M / 3G    INFO    General                 (kmer_coverage_model.cpp   : 295)   ... iteration 16
  0:00:11.613    16M / 3G    INFO    General                 (kmer_coverage_model.cpp   : 309)   Fitted mean coverage: 337.056. Fitted coverage std. dev: 66.8643
  0:00:11.618    16M / 3G    INFO    General                 (kmer_coverage_model.cpp   : 334)   Probability of erroneous kmer at valley: 0.997321
  0:00:11.618    16M / 3G    INFO    General                 (kmer_coverage_model.cpp   : 358)   Preliminary threshold calculated as: 148
  0:00:11.618    16M / 3G    INFO    General                 (kmer_coverage_model.cpp   : 362)   Threshold adjusted to: 148
  0:00:11.618    16M / 3G    INFO    General                 (kmer_coverage_model.cpp   : 375)   Estimated genome size (ignoring repeats): 98999
  0:00:11.618    16M / 3G    INFO    General                 (genomic_info_filler.cpp   : 112)   Mean coverage was calculated as 337.056
  0:00:11.618    16M / 3G    INFO    General                 (genomic_info_filler.cpp   : 127)   EC coverage threshold value was calculated as 148
  0:00:11.618    16M / 3G    INFO    General                 (genomic_info_filler.cpp   : 128)   Trusted kmer low bound: 0
  0:00:11.618    16M / 3G    INFO   StageManager             (stage.cpp                 : 132)   STAGE == Raw Simplification
  0:00:11.618    16M / 3G    INFO    General                 (simplification.cpp        : 128)   PROCEDURE == InitialCleaning
  0:00:11.618    16M / 3G    INFO    General                 (graph_simplification.hpp  : 669)   Flanking coverage based disconnection disabled
  0:00:11.618    16M / 3G    INFO   Simplification           (parallel_processing.hpp   : 165)   Running Self conjugate edge remover
  0:00:11.618    16M / 3G    INFO   Simplification           (parallel_processing.hpp   : 167)   Self conjugate edge remover triggered 0 times
  0:00:11.618    16M / 3G    INFO   Simplification           (parallel_processing.hpp   : 165)   Running Initial tip clipper
  0:00:11.619    16M / 3G    INFO   Simplification           (parallel_processing.hpp   : 167)   Initial tip clipper triggered 10 times
  0:00:11.619    16M / 3G    INFO   Simplification           (parallel_processing.hpp   : 165)   Running Initial ec remover
  0:00:11.619    16M / 3G    INFO   Simplification           (parallel_processing.hpp   : 167)   Initial ec remover triggered 8 times
  0:00:11.619    16M / 3G    INFO   Simplification           (parallel_processing.hpp   : 165)   Running Initial isolated edge remover
  0:00:11.619    16M / 3G    INFO   Simplification           (parallel_processing.hpp   : 167)   Initial isolated edge remover triggered 3 times
  0:00:11.619    16M / 3G    INFO   StageManager             (stage.cpp                 : 132)   STAGE == Simplification
  0:00:11.619    16M / 3G    INFO    General                 (simplification.cpp        : 357)   Graph simplification started
  0:00:11.619    16M / 3G    INFO    General                 (graph_simplification.hpp  : 641)   Creating parallel br instance
  0:00:11.619    16M / 3G    INFO    General                 (simplification.cpp        : 362)   PROCEDURE == Simplification cycle, iteration 1
  0:00:11.619    16M / 3G    INFO   Simplification           (parallel_processing.hpp   : 165)   Running Tip clipper
  0:00:11.619    16M / 3G    INFO   Simplification           (parallel_processing.hpp   : 167)   Tip clipper triggered 0 times
  0:00:11.619    16M / 3G    INFO   Simplification           (parallel_processing.hpp   : 165)   Running Bulge remover
  0:00:11.622    16M / 3G    INFO   Simplification           (parallel_processing.hpp   : 167)   Bulge remover triggered 11 times
  0:00:11.623    16M / 3G    INFO   Simplification           (parallel_processing.hpp   : 165)   Running Low coverage edge remover
  0:00:11.623    16M / 3G    INFO   Simplification           (parallel_processing.hpp   : 167)   Low coverage edge remover triggered 3 times
  0:00:11.623    16M / 3G    INFO    General                 (simplification.cpp        : 362)   PROCEDURE == Simplification cycle, iteration 2
  0:00:11.623    16M / 3G    INFO   Simplification           (parallel_processing.hpp   : 165)   Running Tip clipper
  0:00:11.623    16M / 3G    INFO   Simplification           (parallel_processing.hpp   : 167)   Tip clipper triggered 0 times
  0:00:11.623    16M / 3G    INFO   Simplification           (parallel_processing.hpp   : 165)   Running Bulge remover
  0:00:11.623    16M / 3G    INFO   Simplification           (parallel_processing.hpp   : 167)   Bulge remover triggered 1 times
  0:00:11.623    16M / 3G    INFO   Simplification           (parallel_processing.hpp   : 165)   Running Low coverage edge remover
  0:00:11.623    16M / 3G    INFO   Simplification           (parallel_processing.hpp   : 167)   Low coverage edge remover triggered 2 times
  0:00:11.623    16M / 3G    INFO    General                 (simplification.cpp        : 362)   PROCEDURE == Simplification cycle, iteration 3
  0:00:11.623    16M / 3G    INFO   Simplification           (parallel_processing.hpp   : 165)   Running Tip clipper
  0:00:11.623    16M / 3G    INFO   Simplification           (parallel_processing.hpp   : 167)   Tip clipper triggered 1 times
  0:00:11.623    16M / 3G    INFO   Simplification           (parallel_processing.hpp   : 165)   Running Bulge remover
  0:00:11.624    16M / 3G    INFO   Simplification           (parallel_processing.hpp   : 167)   Bulge remover triggered 3 times
  0:00:11.624    16M / 3G    INFO   Simplification           (parallel_processing.hpp   : 165)   Running Low coverage edge remover
  0:00:11.625    16M / 3G    INFO   Simplification           (parallel_processing.hpp   : 167)   Low coverage edge remover triggered 0 times
  0:00:11.625    16M / 3G    INFO    General                 (simplification.cpp        : 362)   PROCEDURE == Simplification cycle, iteration 4
  0:00:11.625    16M / 3G    INFO   Simplification           (parallel_processing.hpp   : 165)   Running Tip clipper
  0:00:11.625    16M / 3G    INFO   Simplification           (parallel_processing.hpp   : 167)   Tip clipper triggered 0 times
  0:00:11.625    16M / 3G    INFO   Simplification           (parallel_processing.hpp   : 165)   Running Bulge remover
  0:00:11.625    16M / 3G    INFO   Simplification           (parallel_processing.hpp   : 167)   Bulge remover triggered 0 times
  0:00:11.625    16M / 3G    INFO   Simplification           (parallel_processing.hpp   : 165)   Running Low coverage edge remover
  0:00:11.625    16M / 3G    INFO   Simplification           (parallel_processing.hpp   : 167)   Low coverage edge remover triggered 0 times
  0:00:11.625    16M / 3G    INFO    General                 (simplification.cpp        : 362)   PROCEDURE == Simplification cycle, iteration 5
  0:00:11.625    16M / 3G    INFO   Simplification           (parallel_processing.hpp   : 165)   Running Tip clipper
  0:00:11.625    16M / 3G    INFO   Simplification           (parallel_processing.hpp   : 167)   Tip clipper triggered 0 times
  0:00:11.625    16M / 3G    INFO   Simplification           (parallel_processing.hpp   : 165)   Running Bulge remover
  0:00:11.625    16M / 3G    INFO   Simplification           (parallel_processing.hpp   : 167)   Bulge remover triggered 0 times
  0:00:11.625    16M / 3G    INFO   Simplification           (parallel_processing.hpp   : 165)   Running Low coverage edge remover
  0:00:11.625    16M / 3G    INFO   Simplification           (parallel_processing.hpp   : 167)   Low coverage edge remover triggered 0 times
  0:00:11.625    16M / 3G    INFO    General                 (simplification.cpp        : 362)   PROCEDURE == Simplification cycle, iteration 6
  0:00:11.625    16M / 3G    INFO   Simplification           (parallel_processing.hpp   : 165)   Running Tip clipper
  0:00:11.625    16M / 3G    INFO   Simplification           (parallel_processing.hpp   : 167)   Tip clipper triggered 0 times
  0:00:11.625    16M / 3G    INFO   Simplification           (parallel_processing.hpp   : 165)   Running Bulge remover
  0:00:11.625    16M / 3G    INFO   Simplification           (parallel_processing.hpp   : 167)   Bulge remover triggered 0 times
  0:00:11.625    16M / 3G    INFO   Simplification           (parallel_processing.hpp   : 165)   Running Low coverage edge remover
  0:00:11.625    16M / 3G    INFO   Simplification           (parallel_processing.hpp   : 167)   Low coverage edge remover triggered 0 times
  0:00:11.625    16M / 3G    INFO    General                 (simplification.cpp        : 362)   PROCEDURE == Simplification cycle, iteration 7
  0:00:11.625    16M / 3G    INFO   Simplification           (parallel_processing.hpp   : 165)   Running Tip clipper
  0:00:11.625    16M / 3G    INFO   Simplification           (parallel_processing.hpp   : 167)   Tip clipper triggered 0 times
  0:00:11.625    16M / 3G    INFO   Simplification           (parallel_processing.hpp   : 165)   Running Bulge remover
  0:00:11.625    16M / 3G    INFO   Simplification           (parallel_processing.hpp   : 167)   Bulge remover triggered 0 times
  0:00:11.625    16M / 3G    INFO   Simplification           (parallel_processing.hpp   : 165)   Running Low coverage edge remover
  0:00:11.625    16M / 3G    INFO   Simplification           (parallel_processing.hpp   : 167)   Low coverage edge remover triggered 0 times
  0:00:11.625    16M / 3G    INFO    General                 (simplification.cpp        : 362)   PROCEDURE == Simplification cycle, iteration 8
  0:00:11.625    16M / 3G    INFO   Simplification           (parallel_processing.hpp   : 165)   Running Tip clipper
  0:00:11.625    16M / 3G    INFO   Simplification           (parallel_processing.hpp   : 167)   Tip clipper triggered 0 times
  0:00:11.625    16M / 3G    INFO   Simplification           (parallel_processing.hpp   : 165)   Running Bulge remover
  0:00:11.625    16M / 3G    INFO   Simplification           (parallel_processing.hpp   : 167)   Bulge remover triggered 0 times
  0:00:11.625    16M / 3G    INFO   Simplification           (parallel_processing.hpp   : 165)   Running Low coverage edge remover
  0:00:11.625    16M / 3G    INFO   Simplification           (parallel_processing.hpp   : 167)   Low coverage edge remover triggered 0 times
  0:00:11.625    16M / 3G    INFO    General                 (simplification.cpp        : 362)   PROCEDURE == Simplification cycle, iteration 9
  0:00:11.625    16M / 3G    INFO   Simplification           (parallel_processing.hpp   : 165)   Running Tip clipper
  0:00:11.625    16M / 3G    INFO   Simplification           (parallel_processing.hpp   : 167)   Tip clipper triggered 0 times
  0:00:11.625    16M / 3G    INFO   Simplification           (parallel_processing.hpp   : 165)   Running Bulge remover
  0:00:11.625    16M / 3G    INFO   Simplification           (parallel_processing.hpp   : 167)   Bulge remover triggered 0 times
  0:00:11.625    16M / 3G    INFO   Simplification           (parallel_processing.hpp   : 165)   Running Low coverage edge remover
  0:00:11.625    16M / 3G    INFO   Simplification           (parallel_processing.hpp   : 167)   Low coverage edge remover triggered 0 times
  0:00:11.625    16M / 3G    INFO    General                 (simplification.cpp        : 362)   PROCEDURE == Simplification cycle, iteration 10
  0:00:11.625    16M / 3G    INFO   Simplification           (parallel_processing.hpp   : 165)   Running Tip clipper
  0:00:11.625    16M / 3G    INFO   Simplification           (parallel_processing.hpp   : 167)   Tip clipper triggered 0 times
  0:00:11.625    16M / 3G    INFO   Simplification           (parallel_processing.hpp   : 165)   Running Bulge remover
  0:00:11.625    16M / 3G    INFO   Simplification           (parallel_processing.hpp   : 167)   Bulge remover triggered 0 times
  0:00:11.625    16M / 3G    INFO   Simplification           (parallel_processing.hpp   : 165)   Running Low coverage edge remover
  0:00:11.625    16M / 3G    INFO   Simplification           (parallel_processing.hpp   : 167)   Low coverage edge remover triggered 0 times
  0:00:11.625    16M / 3G    INFO    General                 (simplification.cpp        : 362)   PROCEDURE == Simplification cycle, iteration 11
  0:00:11.625    16M / 3G    INFO   Simplification           (parallel_processing.hpp   : 165)   Running Tip clipper
  0:00:11.625    16M / 3G    INFO   Simplification           (parallel_processing.hpp   : 167)   Tip clipper triggered 0 times
  0:00:11.625    16M / 3G    INFO   Simplification           (parallel_processing.hpp   : 165)   Running Bulge remover
  0:00:11.625    16M / 3G    INFO   Simplification           (parallel_processing.hpp   : 167)   Bulge remover triggered 0 times
  0:00:11.625    16M / 3G    INFO   Simplification           (parallel_processing.hpp   : 165)   Running Low coverage edge remover
  0:00:11.625    16M / 3G    INFO   Simplification           (parallel_processing.hpp   : 167)   Low coverage edge remover triggered 0 times
  0:00:11.625    16M / 3G    INFO   StageManager             (stage.cpp                 : 132)   STAGE == Simplification Cleanup
  0:00:11.625    16M / 3G    INFO    General                 (simplification.cpp        : 196)   PROCEDURE == Post simplification
  0:00:11.625    16M / 3G    INFO    General                 (graph_simplification.hpp  : 458)   Disconnection of relatively low covered edges disabled
  0:00:11.625    16M / 3G    INFO    General                 (graph_simplification.hpp  : 494)   Complex tip clipping disabled
  0:00:11.625    16M / 3G    INFO    General                 (graph_simplification.hpp  : 641)   Creating parallel br instance
  0:00:11.625    16M / 3G    INFO   Simplification           (parallel_processing.hpp   : 165)   Running Tip clipper
  0:00:11.625    16M / 3G    INFO   Simplification           (parallel_processing.hpp   : 167)   Tip clipper triggered 0 times
  0:00:11.625    16M / 3G    INFO   Simplification           (parallel_processing.hpp   : 165)   Running Bulge remover
  0:00:11.625    16M / 3G    INFO   Simplification           (parallel_processing.hpp   : 167)   Bulge remover triggered 0 times
  0:00:11.625    16M / 3G    INFO   Simplification           (parallel_processing.hpp   : 165)   Running Tip clipper
  0:00:11.625    16M / 3G    INFO   Simplification           (parallel_processing.hpp   : 167)   Tip clipper triggered 0 times
  0:00:11.625    16M / 3G    INFO   Simplification           (parallel_processing.hpp   : 165)   Running Bulge remover
  0:00:11.625    16M / 3G    INFO   Simplification           (parallel_processing.hpp   : 167)   Bulge remover triggered 0 times
  0:00:11.625    16M / 3G    INFO    General                 (simplification.cpp        : 330)   Disrupting self-conjugate edges
  0:00:11.625    16M / 3G    INFO   Simplification           (parallel_processing.hpp   : 165)   Running Removing isolated edges
  0:00:11.626    16M / 3G    INFO   Simplification           (parallel_processing.hpp   : 167)   Removing isolated edges triggered 0 times
  0:00:11.626    16M / 3G    INFO    General                 (simplification.cpp        : 470)   Counting average coverage
  0:00:11.626    16M / 3G    INFO    General                 (simplification.cpp        : 476)   Average coverage = 356.918
  0:00:11.626    16M / 3G    INFO   StageManager             (stage.cpp                 : 132)   STAGE == Contig Output
  0:00:11.626    16M / 3G    INFO    General                 (contig_output.hpp         :  22)   Outputting contigs to /Users/cmdb/qbb2019-answers/sep13/kmers2_spades//K33/simplified_contigs.fasta
  0:00:11.628    16M / 3G    INFO    General                 (launch.hpp                : 151)   SPAdes finished
  0:00:11.628    16M / 3G    INFO    General                 (main.cpp                  : 109)   Assembling time: 0 hours 0 minutes 11 seconds

== Running assembler: K55

  0:00:00.000     4M / 4M    INFO    General                 (main.cpp                  :  74)   Loaded config from /Users/cmdb/qbb2019-answers/sep13/kmers2_spades/K55/configs/config.info
  0:00:00.000     4M / 4M    INFO    General                 (memory_limit.cpp          :  49)   Memory limit set to 250 Gb
  0:00:00.000     4M / 4M    INFO    General                 (main.cpp                  :  87)   Starting SPAdes, built from N/A, git revision N/A
  0:00:00.000     4M / 4M    INFO    General                 (main.cpp                  :  88)   Maximum k-mer length: 128
  0:00:00.000     4M / 4M    INFO    General                 (main.cpp                  :  89)   Assembling dataset (/Users/cmdb/qbb2019-answers/sep13/kmers2_spades/dataset.info) with K=55
  0:00:00.000     4M / 4M    INFO    General                 (main.cpp                  :  90)   Maximum # of threads to use (adjusted due to OMP capabilities): 4
  0:00:00.000     4M / 4M    INFO    General                 (launch.hpp                :  52)   SPAdes started
  0:00:00.000     4M / 4M    INFO    General                 (launch.hpp                :  59)   Starting from stage: construction
  0:00:00.000     4M / 4M    INFO    General                 (launch.hpp                :  66)   Two-step RR enabled: 0
  0:00:00.000     4M / 4M    INFO    General                 (launch.hpp                :  77)   Will need read mapping, kmer mapper will be attached
  0:00:00.000     4M / 4M    INFO   StageManager             (stage.cpp                 : 132)   STAGE == de Bruijn graph construction
  0:00:00.001     4M / 4M    INFO    General                 (read_converter.hpp        :  59)   Binary reads detected
  0:00:00.004     4M / 4M    INFO    General                 (construction.cpp          : 111)   Max read length 100
  0:00:00.004     4M / 4M    INFO    General                 (construction.cpp          : 117)   Average read length 91.2303
  0:00:00.004     4M / 4M    INFO    General                 (stage.cpp                 : 101)   PROCEDURE == k+1-mer counting
  0:00:00.004     4M / 4M    INFO    General                 (kmer_index_builder.hpp    : 117)   Splitting kmer instances into 16 files using 4 threads. This might take a while.
  0:00:00.004     4M / 4M    INFO    General                 (file_limit.hpp            :  32)   Open file limit set to 256
  0:00:00.004     4M / 4M    INFO    General                 (kmer_splitters.hpp        :  89)   Memory available for splitting buffers: 20.833 Gb
  0:00:00.004     4M / 4M    INFO    General                 (kmer_splitters.hpp        :  97)   Using cell size of 2097152
  0:00:01.644     2G / 2G    INFO    General                 (kmer_splitters.hpp        : 289)   Processed 1224696 reads
  0:00:01.644     2G / 2G    INFO    General                 (kmer_splitters.hpp        : 295)   Adding contigs from previous K
  0:00:01.719    16M / 2G    INFO    General                 (kmer_splitters.hpp        : 308)   Used 1224696 reads
  0:00:01.719    16M / 2G    INFO    General                 (kmer_index_builder.hpp    : 120)   Starting k-mer counting.
  0:00:01.746    16M / 2G    INFO    General                 (kmer_index_builder.hpp    : 127)   K-mer counting done. There are 102127 kmers in total.
  0:00:01.746    16M / 2G    INFO    General                 (kmer_index_builder.hpp    : 133)   Merging temporary buckets.
  0:00:01.758    16M / 2G    INFO    General                 (stage.cpp                 : 101)   PROCEDURE == Extension index construction
  0:00:01.758    16M / 2G    INFO   K-mer Index Building     (kmer_index_builder.hpp    : 301)   Building kmer index
  0:00:01.758    16M / 2G    INFO    General                 (kmer_index_builder.hpp    : 117)   Splitting kmer instances into 64 files using 4 threads. This might take a while.
  0:00:01.758    16M / 2G    INFO    General                 (file_limit.hpp            :  32)   Open file limit set to 256
  0:00:01.758    16M / 2G    INFO    General                 (kmer_splitters.hpp        :  89)   Memory available for splitting buffers: 20.832 Gb
  0:00:01.758    16M / 2G    INFO    General                 (kmer_splitters.hpp        :  97)   Using cell size of 524288
  0:00:01.814     3G / 3G    INFO    General                 (kmer_splitters.hpp        : 380)   Processed 102127 kmers
  0:00:01.814     3G / 3G    INFO    General                 (kmer_splitters.hpp        : 385)   Used 102127 kmers.
  0:00:01.817    16M / 3G    INFO    General                 (kmer_index_builder.hpp    : 120)   Starting k-mer counting.
  0:00:01.882    16M / 3G    INFO    General                 (kmer_index_builder.hpp    : 127)   K-mer counting done. There are 102113 kmers in total.
  0:00:01.882    16M / 3G    INFO    General                 (kmer_index_builder.hpp    : 133)   Merging temporary buckets.
  0:00:01.927    16M / 3G    INFO   K-mer Index Building     (kmer_index_builder.hpp    : 314)   Building perfect hash indices
  0:00:01.956    16M / 3G    INFO    General                 (kmer_index_builder.hpp    : 150)   Merging final buckets.
  0:00:01.966    16M / 3G    INFO   K-mer Index Building     (kmer_index_builder.hpp    : 336)   Index built. Total 55968 bytes occupied (4.38479 bits per kmer).
  0:00:01.966    16M / 3G    INFO   DeBruijnExtensionIndexBu (kmer_extension_index_build:  99)   Building k-mer extensions from k+1-mers
  0:00:01.976    16M / 3G    INFO   DeBruijnExtensionIndexBu (kmer_extension_index_build: 103)   Building k-mer extensions from k+1-mers finished.
  0:00:01.977    16M / 3G    INFO    General                 (stage.cpp                 : 101)   PROCEDURE == Condensing graph
  0:00:01.983    16M / 3G    INFO   UnbranchingPathExtractor (debruijn_graph_constructor: 355)   Extracting unbranching paths
  0:00:02.006    16M / 3G    INFO   UnbranchingPathExtractor (debruijn_graph_constructor: 374)   Extracting unbranching paths finished. 507 sequences extracted
  0:00:02.017    16M / 3G    INFO   UnbranchingPathExtractor (debruijn_graph_constructor: 310)   Collecting perfect loops
  0:00:02.029    16M / 3G    INFO   UnbranchingPathExtractor (debruijn_graph_constructor: 343)   Collecting perfect loops finished. 0 loops collected
  0:00:02.029    16M / 3G    INFO    General                 (stage.cpp                 : 101)   PROCEDURE == Filling coverage indices (PHM)
  0:00:02.029    16M / 3G    INFO   K-mer Index Building     (kmer_index_builder.hpp    : 301)   Building kmer index
  0:00:02.029    16M / 3G    INFO   K-mer Index Building     (kmer_index_builder.hpp    : 314)   Building perfect hash indices
  0:00:02.038    16M / 3G    INFO   K-mer Index Building     (kmer_index_builder.hpp    : 336)   Index built. Total 49520 bytes occupied (3.87909 bits per kmer).
  0:00:02.038    16M / 3G    INFO    General                 (construction.cpp          : 388)   Collecting k-mer coverage information from reads, this takes a while.
  0:00:03.406    16M / 3G    INFO    General                 (construction.cpp          : 508)   Filling coverage and flanking coverage from PHM
  0:00:03.415    16M / 3G    INFO   StageManager             (stage.cpp                 : 132)   STAGE == EC Threshold Finding
  0:00:03.415    16M / 3G    INFO    General                 (kmer_coverage_model.cpp   : 181)   Kmer coverage valley at: 7
  0:00:03.415    16M / 3G    INFO    General                 (kmer_coverage_model.cpp   : 201)   K-mer histogram maximum: 225
  0:00:03.415    16M / 3G    INFO    General                 (kmer_coverage_model.cpp   : 237)   Estimated median coverage: 225. Coverage mad: 51.891
  0:00:03.415    16M / 3G    INFO    General                 (kmer_coverage_model.cpp   : 259)   Fitting coverage model
  0:00:03.479    16M / 3G    INFO    General                 (kmer_coverage_model.cpp   : 295)   ... iteration 2
  0:00:03.674    16M / 3G    INFO    General                 (kmer_coverage_model.cpp   : 295)   ... iteration 4
  0:00:04.447    16M / 3G    INFO    General                 (kmer_coverage_model.cpp   : 295)   ... iteration 8
  0:00:06.233    16M / 3G    INFO    General                 (kmer_coverage_model.cpp   : 295)   ... iteration 16
  0:00:09.392    16M / 3G    INFO    General                 (kmer_coverage_model.cpp   : 295)   ... iteration 32
  0:00:10.538    16M / 3G    INFO    General                 (kmer_coverage_model.cpp   : 309)   Fitted mean coverage: 212.461. Fitted coverage std. dev: 54.5846
  0:00:10.541    16M / 3G    INFO    General                 (kmer_coverage_model.cpp   : 334)   Probability of erroneous kmer at valley: 0.910551
  0:00:10.541    16M / 3G    INFO    General                 (kmer_coverage_model.cpp   : 358)   Preliminary threshold calculated as: 75
  0:00:10.541    16M / 3G    INFO    General                 (kmer_coverage_model.cpp   : 362)   Threshold adjusted to: 75
  0:00:10.541    16M / 3G    INFO    General                 (kmer_coverage_model.cpp   : 375)   Estimated genome size (ignoring repeats): 98907
  0:00:10.541    16M / 3G    INFO    General                 (genomic_info_filler.cpp   : 112)   Mean coverage was calculated as 212.461
  0:00:10.541    16M / 3G    INFO    General                 (genomic_info_filler.cpp   : 127)   EC coverage threshold value was calculated as 75
  0:00:10.541    16M / 3G    INFO    General                 (genomic_info_filler.cpp   : 128)   Trusted kmer low bound: 0
  0:00:10.541    16M / 3G    INFO   StageManager             (stage.cpp                 : 132)   STAGE == Gap Closer
  0:00:10.541    16M / 3G    INFO    General                 (graph_pack.hpp            : 101)   Index refill
  0:00:10.541    16M / 3G    INFO   K-mer Index Building     (kmer_index_builder.hpp    : 301)   Building kmer index
  0:00:10.541    16M / 3G    INFO    General                 (kmer_index_builder.hpp    : 117)   Splitting kmer instances into 64 files using 4 threads. This might take a while.
  0:00:10.541    16M / 3G    INFO    General                 (file_limit.hpp            :  32)   Open file limit set to 256
  0:00:10.542    16M / 3G    INFO    General                 (kmer_splitters.hpp        :  89)   Memory available for splitting buffers: 20.832 Gb
  0:00:10.542    16M / 3G    INFO    General                 (kmer_splitters.hpp        :  97)   Using cell size of 524288
  0:00:10.578     3G / 3G    INFO    General                 (edge_index_builders.hpp   :  82)   Used 1014 sequences.
  0:00:10.581    16M / 3G    INFO    General                 (kmer_index_builder.hpp    : 120)   Starting k-mer counting.
  0:00:10.656    16M / 3G    INFO    General                 (kmer_index_builder.hpp    : 127)   K-mer counting done. There are 102127 kmers in total.
  0:00:10.656    16M / 3G    INFO    General                 (kmer_index_builder.hpp    : 133)   Merging temporary buckets.
  0:00:10.707    16M / 3G    INFO   K-mer Index Building     (kmer_index_builder.hpp    : 314)   Building perfect hash indices
  0:00:10.735    16M / 3G    INFO    General                 (kmer_index_builder.hpp    : 150)   Merging final buckets.
  0:00:10.746    16M / 3G    INFO   K-mer Index Building     (kmer_index_builder.hpp    : 336)   Index built. Total 55936 bytes occupied (4.38168 bits per kmer).
  0:00:10.747    16M / 3G    INFO    General                 (edge_index_builders.hpp   : 107)   Collecting edge information from graph, this takes a while.
  0:00:10.752    16M / 3G    INFO    General                 (edge_index.hpp            :  92)   Index refilled
  0:00:10.753    16M / 3G    INFO    General                 (gap_closer.cpp            : 159)   Preparing shift maps
  0:00:10.754    16M / 3G    INFO    General                 (gap_closer.cpp            : 119)   Processing paired reads (takes a while)
  0:00:11.406    16M / 3G    INFO    General                 (gap_closer.cpp            : 138)   Used 306174 paired reads
  0:00:11.406    16M / 3G    INFO    General                 (gap_closer.cpp            : 140)   Merging paired indices
  0:00:11.406    16M / 3G    INFO   GapCloser                (gap_closer.cpp            : 346)   Closing short gaps
  0:00:11.406    16M / 3G    INFO   GapCloser                (gap_closer.cpp            : 380)   Closing short gaps complete: filled 0 gaps after checking 0 candidates
  0:00:11.406    16M / 3G    INFO   StageManager             (stage.cpp                 : 132)   STAGE == Raw Simplification
  0:00:11.407    16M / 3G    INFO    General                 (simplification.cpp        : 128)   PROCEDURE == InitialCleaning
  0:00:11.407    16M / 3G    INFO    General                 (graph_simplification.hpp  : 669)   Flanking coverage based disconnection disabled
  0:00:11.407    16M / 3G    INFO   Simplification           (parallel_processing.hpp   : 165)   Running Self conjugate edge remover
  0:00:11.407    16M / 3G    INFO   Simplification           (parallel_processing.hpp   : 167)   Self conjugate edge remover triggered 0 times
  0:00:11.407    16M / 3G    INFO   Simplification           (parallel_processing.hpp   : 165)   Running Initial tip clipper
  0:00:11.412    16M / 3G    INFO   Simplification           (parallel_processing.hpp   : 167)   Initial tip clipper triggered 225 times
  0:00:11.412    16M / 3G    INFO   Simplification           (parallel_processing.hpp   : 165)   Running Initial ec remover
  0:00:11.412    16M / 3G    INFO   Simplification           (parallel_processing.hpp   : 167)   Initial ec remover triggered 0 times
  0:00:11.412    16M / 3G    INFO   Simplification           (parallel_processing.hpp   : 165)   Running Initial isolated edge remover
  0:00:11.412    16M / 3G    INFO   Simplification           (parallel_processing.hpp   : 167)   Initial isolated edge remover triggered 3 times
  0:00:11.412    16M / 3G    INFO   StageManager             (stage.cpp                 : 132)   STAGE == Simplification
  0:00:11.412    16M / 3G    INFO    General                 (simplification.cpp        : 357)   Graph simplification started
  0:00:11.412    16M / 3G    INFO    General                 (graph_simplification.hpp  : 641)   Creating parallel br instance
  0:00:11.412    16M / 3G    INFO    General                 (simplification.cpp        : 362)   PROCEDURE == Simplification cycle, iteration 1
  0:00:11.412    16M / 3G    INFO   Simplification           (parallel_processing.hpp   : 165)   Running Tip clipper
  0:00:11.412    16M / 3G    INFO   Simplification           (parallel_processing.hpp   : 167)   Tip clipper triggered 1 times
  0:00:11.412    16M / 3G    INFO   Simplification           (parallel_processing.hpp   : 165)   Running Bulge remover
  0:00:11.415    16M / 3G    INFO   Simplification           (parallel_processing.hpp   : 167)   Bulge remover triggered 12 times
  0:00:11.415    16M / 3G    INFO   Simplification           (parallel_processing.hpp   : 165)   Running Low coverage edge remover
  0:00:11.415    16M / 3G    INFO   Simplification           (parallel_processing.hpp   : 167)   Low coverage edge remover triggered 1 times
  0:00:11.415    16M / 3G    INFO    General                 (simplification.cpp        : 362)   PROCEDURE == Simplification cycle, iteration 2
  0:00:11.415    16M / 3G    INFO   Simplification           (parallel_processing.hpp   : 165)   Running Tip clipper
  0:00:11.415    16M / 3G    INFO   Simplification           (parallel_processing.hpp   : 167)   Tip clipper triggered 0 times
  0:00:11.415    16M / 3G    INFO   Simplification           (parallel_processing.hpp   : 165)   Running Bulge remover
  0:00:11.415    16M / 3G    INFO   Simplification           (parallel_processing.hpp   : 167)   Bulge remover triggered 0 times
  0:00:11.415    16M / 3G    INFO   Simplification           (parallel_processing.hpp   : 165)   Running Low coverage edge remover
  0:00:11.416    16M / 3G    INFO   Simplification           (parallel_processing.hpp   : 167)   Low coverage edge remover triggered 2 times
  0:00:11.416    16M / 3G    INFO    General                 (simplification.cpp        : 362)   PROCEDURE == Simplification cycle, iteration 3
  0:00:11.416    16M / 3G    INFO   Simplification           (parallel_processing.hpp   : 165)   Running Tip clipper
  0:00:11.416    16M / 3G    INFO   Simplification           (parallel_processing.hpp   : 167)   Tip clipper triggered 1 times
  0:00:11.416    16M / 3G    INFO   Simplification           (parallel_processing.hpp   : 165)   Running Bulge remover
  0:00:11.416    16M / 3G    INFO   Simplification           (parallel_processing.hpp   : 167)   Bulge remover triggered 2 times
  0:00:11.417    16M / 3G    INFO   Simplification           (parallel_processing.hpp   : 165)   Running Low coverage edge remover
  0:00:11.417    16M / 3G    INFO   Simplification           (parallel_processing.hpp   : 167)   Low coverage edge remover triggered 0 times
  0:00:11.417    16M / 3G    INFO    General                 (simplification.cpp        : 362)   PROCEDURE == Simplification cycle, iteration 4
  0:00:11.417    16M / 3G    INFO   Simplification           (parallel_processing.hpp   : 165)   Running Tip clipper
  0:00:11.417    16M / 3G    INFO   Simplification           (parallel_processing.hpp   : 167)   Tip clipper triggered 0 times
  0:00:11.417    16M / 3G    INFO   Simplification           (parallel_processing.hpp   : 165)   Running Bulge remover
  0:00:11.417    16M / 3G    INFO   Simplification           (parallel_processing.hpp   : 167)   Bulge remover triggered 0 times
  0:00:11.417    16M / 3G    INFO   Simplification           (parallel_processing.hpp   : 165)   Running Low coverage edge remover
  0:00:11.417    16M / 3G    INFO   Simplification           (parallel_processing.hpp   : 167)   Low coverage edge remover triggered 0 times
  0:00:11.417    16M / 3G    INFO    General                 (simplification.cpp        : 362)   PROCEDURE == Simplification cycle, iteration 5
  0:00:11.417    16M / 3G    INFO   Simplification           (parallel_processing.hpp   : 165)   Running Tip clipper
  0:00:11.417    16M / 3G    INFO   Simplification           (parallel_processing.hpp   : 167)   Tip clipper triggered 0 times
  0:00:11.417    16M / 3G    INFO   Simplification           (parallel_processing.hpp   : 165)   Running Bulge remover
  0:00:11.417    16M / 3G    INFO   Simplification           (parallel_processing.hpp   : 167)   Bulge remover triggered 0 times
  0:00:11.417    16M / 3G    INFO   Simplification           (parallel_processing.hpp   : 165)   Running Low coverage edge remover
  0:00:11.417    16M / 3G    INFO   Simplification           (parallel_processing.hpp   : 167)   Low coverage edge remover triggered 0 times
  0:00:11.417    16M / 3G    INFO    General                 (simplification.cpp        : 362)   PROCEDURE == Simplification cycle, iteration 6
  0:00:11.417    16M / 3G    INFO   Simplification           (parallel_processing.hpp   : 165)   Running Tip clipper
  0:00:11.417    16M / 3G    INFO   Simplification           (parallel_processing.hpp   : 167)   Tip clipper triggered 0 times
  0:00:11.417    16M / 3G    INFO   Simplification           (parallel_processing.hpp   : 165)   Running Bulge remover
  0:00:11.417    16M / 3G    INFO   Simplification           (parallel_processing.hpp   : 167)   Bulge remover triggered 0 times
  0:00:11.417    16M / 3G    INFO   Simplification           (parallel_processing.hpp   : 165)   Running Low coverage edge remover
  0:00:11.417    16M / 3G    INFO   Simplification           (parallel_processing.hpp   : 167)   Low coverage edge remover triggered 0 times
  0:00:11.417    16M / 3G    INFO    General                 (simplification.cpp        : 362)   PROCEDURE == Simplification cycle, iteration 7
  0:00:11.417    16M / 3G    INFO   Simplification           (parallel_processing.hpp   : 165)   Running Tip clipper
  0:00:11.417    16M / 3G    INFO   Simplification           (parallel_processing.hpp   : 167)   Tip clipper triggered 0 times
  0:00:11.417    16M / 3G    INFO   Simplification           (parallel_processing.hpp   : 165)   Running Bulge remover
  0:00:11.417    16M / 3G    INFO   Simplification           (parallel_processing.hpp   : 167)   Bulge remover triggered 0 times
  0:00:11.417    16M / 3G    INFO   Simplification           (parallel_processing.hpp   : 165)   Running Low coverage edge remover
  0:00:11.417    16M / 3G    INFO   Simplification           (parallel_processing.hpp   : 167)   Low coverage edge remover triggered 0 times
  0:00:11.417    16M / 3G    INFO    General                 (simplification.cpp        : 362)   PROCEDURE == Simplification cycle, iteration 8
  0:00:11.417    16M / 3G    INFO   Simplification           (parallel_processing.hpp   : 165)   Running Tip clipper
  0:00:11.417    16M / 3G    INFO   Simplification           (parallel_processing.hpp   : 167)   Tip clipper triggered 0 times
  0:00:11.417    16M / 3G    INFO   Simplification           (parallel_processing.hpp   : 165)   Running Bulge remover
  0:00:11.417    16M / 3G    INFO   Simplification           (parallel_processing.hpp   : 167)   Bulge remover triggered 0 times
  0:00:11.417    16M / 3G    INFO   Simplification           (parallel_processing.hpp   : 165)   Running Low coverage edge remover
  0:00:11.417    16M / 3G    INFO   Simplification           (parallel_processing.hpp   : 167)   Low coverage edge remover triggered 0 times
  0:00:11.417    16M / 3G    INFO    General                 (simplification.cpp        : 362)   PROCEDURE == Simplification cycle, iteration 9
  0:00:11.417    16M / 3G    INFO   Simplification           (parallel_processing.hpp   : 165)   Running Tip clipper
  0:00:11.417    16M / 3G    INFO   Simplification           (parallel_processing.hpp   : 167)   Tip clipper triggered 0 times
  0:00:11.417    16M / 3G    INFO   Simplification           (parallel_processing.hpp   : 165)   Running Bulge remover
  0:00:11.417    16M / 3G    INFO   Simplification           (parallel_processing.hpp   : 167)   Bulge remover triggered 0 times
  0:00:11.417    16M / 3G    INFO   Simplification           (parallel_processing.hpp   : 165)   Running Low coverage edge remover
  0:00:11.417    16M / 3G    INFO   Simplification           (parallel_processing.hpp   : 167)   Low coverage edge remover triggered 0 times
  0:00:11.417    16M / 3G    INFO    General                 (simplification.cpp        : 362)   PROCEDURE == Simplification cycle, iteration 10
  0:00:11.417    16M / 3G    INFO   Simplification           (parallel_processing.hpp   : 165)   Running Tip clipper
  0:00:11.417    16M / 3G    INFO   Simplification           (parallel_processing.hpp   : 167)   Tip clipper triggered 0 times
  0:00:11.417    16M / 3G    INFO   Simplification           (parallel_processing.hpp   : 165)   Running Bulge remover
  0:00:11.417    16M / 3G    INFO   Simplification           (parallel_processing.hpp   : 167)   Bulge remover triggered 0 times
  0:00:11.417    16M / 3G    INFO   Simplification           (parallel_processing.hpp   : 165)   Running Low coverage edge remover
  0:00:11.417    16M / 3G    INFO   Simplification           (parallel_processing.hpp   : 167)   Low coverage edge remover triggered 0 times
  0:00:11.417    16M / 3G    INFO    General                 (simplification.cpp        : 362)   PROCEDURE == Simplification cycle, iteration 11
  0:00:11.417    16M / 3G    INFO   Simplification           (parallel_processing.hpp   : 165)   Running Tip clipper
  0:00:11.417    16M / 3G    INFO   Simplification           (parallel_processing.hpp   : 167)   Tip clipper triggered 0 times
  0:00:11.417    16M / 3G    INFO   Simplification           (parallel_processing.hpp   : 165)   Running Bulge remover
  0:00:11.417    16M / 3G    INFO   Simplification           (parallel_processing.hpp   : 167)   Bulge remover triggered 0 times
  0:00:11.417    16M / 3G    INFO   Simplification           (parallel_processing.hpp   : 165)   Running Low coverage edge remover
  0:00:11.417    16M / 3G    INFO   Simplification           (parallel_processing.hpp   : 167)   Low coverage edge remover triggered 0 times
  0:00:11.417    16M / 3G    INFO   StageManager             (stage.cpp                 : 132)   STAGE == Gap Closer
  0:00:11.417    16M / 3G    INFO    General                 (graph_pack.hpp            : 101)   Index refill
  0:00:11.417    16M / 3G    INFO   K-mer Index Building     (kmer_index_builder.hpp    : 301)   Building kmer index
  0:00:11.417    16M / 3G    INFO    General                 (kmer_index_builder.hpp    : 117)   Splitting kmer instances into 64 files using 4 threads. This might take a while.
  0:00:11.417    16M / 3G    INFO    General                 (file_limit.hpp            :  32)   Open file limit set to 256
  0:00:11.417    16M / 3G    INFO    General                 (kmer_splitters.hpp        :  89)   Memory available for splitting buffers: 20.832 Gb
  0:00:11.417    16M / 3G    INFO    General                 (kmer_splitters.hpp        :  97)   Using cell size of 524288
  0:00:11.471     3G / 3G    INFO    General                 (edge_index_builders.hpp   :  82)   Used 8 sequences.
  0:00:11.473    16M / 3G    INFO    General                 (kmer_index_builder.hpp    : 120)   Starting k-mer counting.
  0:00:11.549    16M / 3G    INFO    General                 (kmer_index_builder.hpp    : 127)   K-mer counting done. There are 99916 kmers in total.
  0:00:11.549    16M / 3G    INFO    General                 (kmer_index_builder.hpp    : 133)   Merging temporary buckets.
  0:00:11.598    16M / 3G    INFO   K-mer Index Building     (kmer_index_builder.hpp    : 314)   Building perfect hash indices
  0:00:11.622    16M / 3G    INFO    General                 (kmer_index_builder.hpp    : 150)   Merging final buckets.
  0:00:11.634    16M / 3G    INFO   K-mer Index Building     (kmer_index_builder.hpp    : 336)   Index built. Total 54880 bytes occupied (4.39409 bits per kmer).
  0:00:11.635    16M / 3G    INFO    General                 (edge_index_builders.hpp   : 107)   Collecting edge information from graph, this takes a while.
  0:00:11.648    16M / 3G    INFO    General                 (edge_index.hpp            :  92)   Index refilled
  0:00:11.649    16M / 3G    INFO    General                 (gap_closer.cpp            : 159)   Preparing shift maps
  0:00:11.649    16M / 3G    INFO    General                 (gap_closer.cpp            : 119)   Processing paired reads (takes a while)
  0:00:12.242    16M / 3G    INFO    General                 (gap_closer.cpp            : 138)   Used 306174 paired reads
  0:00:12.242    16M / 3G    INFO    General                 (gap_closer.cpp            : 140)   Merging paired indices
  0:00:12.242    16M / 3G    INFO   GapCloser                (gap_closer.cpp            : 346)   Closing short gaps
  0:00:12.242    16M / 3G    INFO   GapCloser                (gap_closer.cpp            : 380)   Closing short gaps complete: filled 0 gaps after checking 0 candidates
  0:00:12.242    16M / 3G    INFO   StageManager             (stage.cpp                 : 132)   STAGE == Simplification Cleanup
  0:00:12.242    16M / 3G    INFO    General                 (simplification.cpp        : 196)   PROCEDURE == Post simplification
  0:00:12.242    16M / 3G    INFO    General                 (graph_simplification.hpp  : 458)   Disconnection of relatively low covered edges disabled
  0:00:12.242    16M / 3G    INFO    General                 (graph_simplification.hpp  : 494)   Complex tip clipping disabled
  0:00:12.242    16M / 3G    INFO    General                 (graph_simplification.hpp  : 641)   Creating parallel br instance
  0:00:12.242    16M / 3G    INFO   Simplification           (parallel_processing.hpp   : 165)   Running Tip clipper
  0:00:12.242    16M / 3G    INFO   Simplification           (parallel_processing.hpp   : 167)   Tip clipper triggered 0 times
  0:00:12.242    16M / 3G    INFO   Simplification           (parallel_processing.hpp   : 165)   Running Bulge remover
  0:00:12.242    16M / 3G    INFO   Simplification           (parallel_processing.hpp   : 167)   Bulge remover triggered 0 times
  0:00:12.242    16M / 3G    INFO   Simplification           (parallel_processing.hpp   : 165)   Running Tip clipper
  0:00:12.242    16M / 3G    INFO   Simplification           (parallel_processing.hpp   : 167)   Tip clipper triggered 0 times
  0:00:12.242    16M / 3G    INFO   Simplification           (parallel_processing.hpp   : 165)   Running Bulge remover
  0:00:12.242    16M / 3G    INFO   Simplification           (parallel_processing.hpp   : 167)   Bulge remover triggered 0 times
  0:00:12.242    16M / 3G    INFO    General                 (simplification.cpp        : 330)   Disrupting self-conjugate edges
  0:00:12.242    16M / 3G    INFO   Simplification           (parallel_processing.hpp   : 165)   Running Removing isolated edges
  0:00:12.242    16M / 3G    INFO   Simplification           (parallel_processing.hpp   : 167)   Removing isolated edges triggered 0 times
  0:00:12.242    16M / 3G    INFO    General                 (simplification.cpp        : 470)   Counting average coverage
  0:00:12.242    16M / 3G    INFO    General                 (simplification.cpp        : 476)   Average coverage = 225.054
  0:00:12.242    16M / 3G    INFO   StageManager             (stage.cpp                 : 132)   STAGE == Mismatch Correction
  0:00:12.242    16M / 3G    INFO    General                 (graph_pack.hpp            : 109)   Normalizing k-mer map. Total 1586 kmers to process
  0:00:12.243    16M / 3G    INFO    General                 (graph_pack.hpp            : 111)   Normalizing done
  0:00:13.724    16M / 3G    INFO    General                 (mismatch_shall_not_pass.hp: 189)   Finished collecting potential mismatches positions
  0:00:13.724    16M / 3G    INFO    General                 (mismatch_shall_not_pass.hp: 290)   All edges processed
  0:00:13.725    16M / 3G    INFO    General                 (mismatch_correction.cpp   :  27)   Corrected 0 nucleotides
  0:00:13.725    16M / 3G    INFO   StageManager             (stage.cpp                 : 132)   STAGE == Contig Output
  0:00:13.725    16M / 3G    INFO    General                 (contig_output_stage.cpp   :  45)   Writing GFA to /Users/cmdb/qbb2019-answers/sep13/kmers2_spades//K55/assembly_graph_with_scaffolds.gfa
  0:00:13.725    16M / 3G    INFO    General                 (contig_output.hpp         :  22)   Outputting contigs to /Users/cmdb/qbb2019-answers/sep13/kmers2_spades//K55/before_rr.fasta
  0:00:13.728    16M / 3G    INFO    General                 (contig_output_stage.cpp   :  56)   Outputting FastG graph to /Users/cmdb/qbb2019-answers/sep13/kmers2_spades//K55/assembly_graph.fastg
  0:00:13.732    16M / 3G    INFO    General                 (contig_output.hpp         :  22)   Outputting contigs to /Users/cmdb/qbb2019-answers/sep13/kmers2_spades//K55/final_contigs.fasta
  0:00:13.734    16M / 3G    INFO   StageManager             (stage.cpp                 : 132)   STAGE == Paired Information Counting
  0:00:13.734    16M / 3G    INFO    General                 (graph_pack.hpp            : 109)   Normalizing k-mer map. Total 1586 kmers to process
  0:00:13.734    16M / 3G    INFO    General                 (graph_pack.hpp            : 111)   Normalizing done
  0:00:13.735    16M / 3G    INFO    General                 (pair_info_count.cpp       : 323)   Min edge length for estimation: 66606
  0:00:13.735    16M / 3G    INFO    General                 (pair_info_count.cpp       : 334)   Estimating insert size for library #0
  0:00:13.735    16M / 3G    INFO    General                 (pair_info_count.cpp       : 190)   Estimating insert size (takes a while)
  0:00:13.771    96M / 3G    INFO    General                 (pair_info_count.cpp       :  39)   Selecting usual mapper
  0:00:14.472    96M / 3G    INFO    General                 (sequence_mapper_notifier.h:  98)   Total 306174 reads processed
  0:00:14.521    96M / 3G    INFO    General                 (pair_info_count.cpp       : 209)   Edge pairs: 67108864 (rough upper limit)
  0:00:14.521    96M / 3G    INFO    General                 (pair_info_count.cpp       : 213)   190086 paired reads (62.0843% of all) aligned to long edges
  0:00:14.526    16M / 3G    INFO    General                 (pair_info_count.cpp       : 357)     Insert size = 215.211, deviation = 10.1692, left quantile = 202, right quantile = 228, read length = 100
  0:00:14.605   208M / 3G    INFO    General                 (pair_info_count.cpp       : 374)   Filtering data for library #0
  0:00:14.607   208M / 3G    INFO    General                 (pair_info_count.cpp       :  39)   Selecting usual mapper
  0:00:15.236   208M / 3G    INFO    General                 (sequence_mapper_notifier.h:  98)   Total 306174 reads processed
  0:00:15.236   208M / 3G    INFO    General                 (pair_info_count.cpp       : 386)   Mapping library #0
  0:00:15.236   208M / 3G    INFO    General                 (pair_info_count.cpp       : 388)   Mapping paired reads (takes a while)
  0:00:15.236   208M / 3G    INFO    General                 (pair_info_count.cpp       : 289)   Left insert size quantile 202, right insert size quantile 228, filtering threshold 2, rounding threshold 0
  0:00:15.245   220M / 3G    INFO    General                 (pair_info_count.cpp       :  39)   Selecting usual mapper
  0:00:15.896   220M / 3G    INFO    General                 (sequence_mapper_notifier.h:  98)   Total 306174 reads processed
  0:00:15.908    16M / 3G    INFO   StageManager             (stage.cpp                 : 132)   STAGE == Distance Estimation
  0:00:15.908    16M / 3G    INFO    General                 (distance_estimation.cpp   : 173)   Processing library #0
  0:00:15.908    16M / 3G    INFO    General                 (distance_estimation.cpp   : 149)   Weight Filter Done
  0:00:15.908    16M / 3G    INFO   DistanceEstimator        (distance_estimation.hpp   : 116)   Using SIMPLE distance estimator
  0:00:15.908    16M / 3G    INFO    General                 (distance_estimation.cpp   :  34)   Filtering info
  0:00:15.908    16M / 3G    INFO    General                 (pair_info_filters.hpp     : 242)   Start filtering; index size: 32
  0:00:15.908    16M / 3G    INFO    General                 (pair_info_filters.hpp     : 263)   Done filtering
  0:00:15.908    16M / 3G    INFO    General                 (distance_estimation.cpp   : 156)   Refining clustered pair information
  0:00:15.908    16M / 3G    INFO    General                 (distance_estimation.cpp   : 158)   The refining of clustered pair information has been finished
  0:00:15.908    16M / 3G    INFO    General                 (distance_estimation.cpp   : 160)   Improving paired information
  0:00:15.908    16M / 3G    INFO   PairInfoImprover         (pair_info_improver.hpp    : 103)   Paired info stats: missing = 0; contradictional = 0
  0:00:15.908    16M / 3G    INFO   PairInfoImprover         (pair_info_improver.hpp    : 103)   Paired info stats: missing = 0; contradictional = 0
  0:00:15.908    16M / 3G    INFO    General                 (distance_estimation.cpp   : 103)   Filling scaffolding index
  0:00:15.908    16M / 3G    INFO   DistanceEstimator        (distance_estimation.hpp   : 116)   Using SMOOTHING distance estimator
  0:00:15.909    16M / 3G    INFO    General                 (distance_estimation.cpp   :  34)   Filtering info
  0:00:15.909    16M / 3G    INFO    General                 (pair_info_filters.hpp     : 242)   Start filtering; index size: 8
  0:00:15.909    16M / 3G    INFO    General                 (pair_info_filters.hpp     : 263)   Done filtering
  0:00:15.909    16M / 3G    INFO    General                 (distance_estimation.cpp   : 182)   Clearing raw paired index
  0:00:15.909    16M / 3G    INFO   StageManager             (stage.cpp                 : 132)   STAGE == Repeat Resolving
  0:00:15.909    16M / 3G    INFO    General                 (repeat_resolving.cpp      :  69)   Using Path-Extend repeat resolving
  0:00:15.909    16M / 3G    INFO    General                 (launcher.cpp              : 481)   ExSPAnder repeat resolving tool started
  0:00:15.909    16M / 3G    INFO    General                 (launcher.cpp              : 392)   Creating main extenders, unique edge length = 2000
  0:00:15.909    16M / 3G    INFO    General                 (extenders_logic.cpp       : 278)   Estimated coverage of library #0 is 225.054
  0:00:15.909    16M / 3G    INFO    General                 (extenders_logic.cpp       : 278)   Estimated coverage of library #0 is 225.054
  0:00:15.909    16M / 3G    INFO    General                 (extenders_logic.cpp       : 475)   Using 1 paired-end library
  0:00:15.909    16M / 3G    INFO    General                 (extenders_logic.cpp       : 476)   Using 1 paired-end scaffolding library
  0:00:15.909    16M / 3G    INFO    General                 (extenders_logic.cpp       : 477)   Using 0 single read libraries
  0:00:15.909    16M / 3G    INFO    General                 (launcher.cpp              : 420)   Total number of extenders is 3
  0:00:15.909    16M / 3G    INFO    General                 (launcher.cpp              : 234)   Finalizing paths
  0:00:15.909    16M / 3G    INFO    General                 (launcher.cpp              : 236)   Deduplicating paths
  0:00:15.909    16M / 3G    INFO    General                 (launcher.cpp              : 240)   Paths deduplicated
  0:00:15.909    16M / 3G    INFO   PEResolver               (pe_resolver.hpp           : 295)   Removing overlaps
  0:00:15.909    16M / 3G    INFO   PEResolver               (pe_resolver.hpp           : 298)   Sorting paths
  0:00:15.909    16M / 3G    INFO   PEResolver               (pe_resolver.hpp           : 305)   Marking overlaps
  0:00:15.909    16M / 3G    INFO   OverlapRemover           (pe_resolver.hpp           : 130)   Marking start/end overlaps
  0:00:15.909    16M / 3G    INFO   OverlapRemover           (pe_resolver.hpp           : 133)   Marking remaining overlaps
  0:00:15.909    16M / 3G    INFO   PEResolver               (pe_resolver.hpp           : 308)   Splitting paths
  0:00:15.909    16M / 3G    INFO   PEResolver               (pe_resolver.hpp           : 313)   Deduplicating paths
  0:00:15.909    16M / 3G    INFO   PEResolver               (pe_resolver.hpp           : 315)   Overlaps removed
  0:00:15.909    16M / 3G    INFO    General                 (launcher.cpp              : 257)   Paths finalized
  0:00:15.909    16M / 3G    INFO    General                 (launcher.cpp              : 427)   Closing gaps in paths
  0:00:15.909    16M / 3G    INFO    General                 (launcher.cpp              : 455)   Gap closing completed
  0:00:15.909    16M / 3G    INFO    General                 (launcher.cpp              : 286)   Traversing tandem repeats
  0:00:15.909    16M / 3G    INFO    General                 (launcher.cpp              : 296)   Traversed 0 loops
  0:00:15.909    16M / 3G    INFO    General                 (launcher.cpp              : 234)   Finalizing paths
  0:00:15.909    16M / 3G    INFO    General                 (launcher.cpp              : 236)   Deduplicating paths
  0:00:15.909    16M / 3G    INFO    General                 (launcher.cpp              : 240)   Paths deduplicated
  0:00:15.909    16M / 3G    INFO   PEResolver               (pe_resolver.hpp           : 295)   Removing overlaps
  0:00:15.909    16M / 3G    INFO   PEResolver               (pe_resolver.hpp           : 298)   Sorting paths
  0:00:15.909    16M / 3G    INFO   PEResolver               (pe_resolver.hpp           : 305)   Marking overlaps
  0:00:15.909    16M / 3G    INFO   OverlapRemover           (pe_resolver.hpp           : 130)   Marking start/end overlaps
  0:00:15.909    16M / 3G    INFO   OverlapRemover           (pe_resolver.hpp           : 133)   Marking remaining overlaps
  0:00:15.909    16M / 3G    INFO   PEResolver               (pe_resolver.hpp           : 308)   Splitting paths
  0:00:15.909    16M / 3G    INFO   PEResolver               (pe_resolver.hpp           : 313)   Deduplicating paths
  0:00:15.909    16M / 3G    INFO   PEResolver               (pe_resolver.hpp           : 315)   Overlaps removed
  0:00:15.909    16M / 3G    INFO    General                 (launcher.cpp              : 257)   Paths finalized
  0:00:15.909    16M / 3G    INFO    General                 (launcher.cpp              : 534)   ExSPAnder repeat resolving tool finished
  0:00:15.909    16M / 3G    INFO   StageManager             (stage.cpp                 : 132)   STAGE == Contig Output
  0:00:15.909    16M / 3G    INFO    General                 (contig_output_stage.cpp   :  45)   Writing GFA to /Users/cmdb/qbb2019-answers/sep13/kmers2_spades//K55/assembly_graph_with_scaffolds.gfa
  0:00:15.910    16M / 3G    INFO    General                 (contig_output.hpp         :  22)   Outputting contigs to /Users/cmdb/qbb2019-answers/sep13/kmers2_spades//K55/before_rr.fasta
  0:00:15.912    16M / 3G    INFO    General                 (contig_output_stage.cpp   :  56)   Outputting FastG graph to /Users/cmdb/qbb2019-answers/sep13/kmers2_spades//K55/assembly_graph.fastg
  0:00:15.916    16M / 3G    INFO    General                 (contig_output_stage.cpp   :  20)   Outputting FastG paths to /Users/cmdb/qbb2019-answers/sep13/kmers2_spades//K55/final_contigs.paths
  0:00:15.919    16M / 3G    INFO    General                 (contig_output_stage.cpp   :  20)   Outputting FastG paths to /Users/cmdb/qbb2019-answers/sep13/kmers2_spades//K55/scaffolds.paths
  0:00:15.922    16M / 3G    INFO    General                 (launch.hpp                : 151)   SPAdes finished
  0:00:15.923    16M / 3G    INFO    General                 (main.cpp                  : 109)   Assembling time: 0 hours 0 minutes 15 seconds

===== Assembling finished. Used k-mer sizes: 21, 33, 55 

 * Assembled contigs are in /Users/cmdb/qbb2019-answers/sep13/kmers2_spades/contigs.fasta
 * Assembled scaffolds are in /Users/cmdb/qbb2019-answers/sep13/kmers2_spades/scaffolds.fasta
 * Paths in the assembly graph corresponding to the contigs are in /Users/cmdb/qbb2019-answers/sep13/kmers2_spades/contigs.paths
 * Paths in the assembly graph corresponding to the scaffolds are in /Users/cmdb/qbb2019-answers/sep13/kmers2_spades/scaffolds.paths
 * Assembly graph is in /Users/cmdb/qbb2019-answers/sep13/kmers2_spades/assembly_graph.fastg
 * Assembly graph in GFA format is in /Users/cmdb/qbb2019-answers/sep13/kmers2_spades/assembly_graph_with_scaffolds.gfa

======= SPAdes pipeline finished.

SPAdes log can be found here: /Users/cmdb/qbb2019-answers/sep13/kmers2_spades/spades.log

Thank you for using SPAdes!
