23 CTATATATATATATATATATATA STRG.31.1 gene=STRG.31 2518 99989
23 CTATATATATATATATATATATA STRG.31.2 gene=STRG.31 2518 99989
23 CTATATATATATATATATATATA STRG.31.3 gene=STRG.31 1428 99989
18 TCGCGGCTCCCGCAGCAG STRG.32.2 gene=STRG.32 808 99989
18 TCGCGGCTCCCGCAGCAG STRG.32.1 gene=STRG.32 808 99989
17 CAGCAACAGCAGCAGCA STRG.20.1 gene=STRG.20 1049 99989
17 CAGCAACAGCAGCAGCA STRG.20.2 gene=STRG.20 1049 99989
17 CAGCAACAGCAGCAGCA STRG.48.1 gene=STRG.48 2281 99989
17 CAGCAACAGCAGCAGCA STRG.48.2 gene=STRG.48 2281 99989
17 CAGCAGCAGCAGCTCCA STRG.20.1 gene=STRG.20 1454 99989
17 CAGCAGCAGCAGCTCCA STRG.20.2 gene=STRG.20 1454 99989
17 CAGCAGCAGCAGCAGCA STRG.48.1 gene=STRG.48 2383 99989
17 CAGCAGCAGCAGCAGCA STRG.48.2 gene=STRG.48 2383 99989
17 AGCAGCAGCAGCAGTAG STRG.14.1 gene=STRG.14 4312 99989
17 ATAAATAATGATGCTGA STRG.2.2 gene=STRG.2 4017 99989
17 CCGCAGCAGCAGCAGCA STRG.57.1 gene=STRG.57 836 99989
17 CCGCAGCAGCAGCAGCA STRG.57.2 gene=STRG.57 836 99989
17 CAGCAGCAGCAGCAGCA STRG.48.1 gene=STRG.48 2383 99989
17 CAGCAGCAGCAGCAGCA STRG.48.2 gene=STRG.48 2383 99989
17 TGAGGTGGTCCAGGTGG STRG.58.1 gene=STRG.58 717 99989
16 CCAGAAGGACGACGAC STRG.26.1 gene=STRG.26 285 99989
16 CCAGAAGGACGACGAC STRG.26.2 gene=STRG.26 1307 99989
16 AATGGAGCGACAGGGA STRG.20.3 gene=STRG.20 459 99989
16 AATGGAGCGACAGGGA STRG.20.1 gene=STRG.20 10177 99989
16 AATGGAGCGACAGGGA STRG.20.2 gene=STRG.20 10762 99989
16 GCAACAGCAACAACAG STRG.20.3 gene=STRG.20 3855 99989
16 GCAACAGCAACAACAG STRG.20.3 gene=STRG.20 4698 99989
16 GCAACAGCAACAACAG STRG.20.1 gene=STRG.20 13573 99989
16 GCAACAGCAACAACAG STRG.20.1 gene=STRG.20 14416 99989
16 GCAACAGCAACAACAG STRG.20.2 gene=STRG.20 14158 99989
16 GCAACAGCAACAACAG STRG.20.2 gene=STRG.20 15001 99989
16 GCAAAGGCAACAACAA STRG.26.1 gene=STRG.26 175 99989
16 GCAAAGGCAACAACAA STRG.26.2 gene=STRG.26 1197 99989
16 CAGCAACAGCAGCAGC STRG.48.1 gene=STRG.48 2233 99989
16 CAGCAACAGCAGCAGC STRG.48.2 gene=STRG.48 2233 99989
16 CCGCAGCAGCAGCAGC STRG.18.2 gene=STRG.18 15232 99989
16 CCGCAGCAGCAGCAGC STRG.18.1 gene=STRG.18 15286 99989
16 CCGCAGCAGCAGCAGC STRG.57.1 gene=STRG.57 836 99989
16 CCGCAGCAGCAGCAGC STRG.57.2 gene=STRG.57 836 99989
16 GCTCCTCCAGCTCGAG STRG.59.3 gene=STRG.59 1396 99989
16 GCTCCTCCAGCTCGAG STRG.59.1 gene=STRG.59 1396 99989
16 GCTCCTCCAGCTCGAG STRG.59.2 gene=STRG.59 2184 99989
16 CAGCAGCAGCAGCAGC STRG.48.1 gene=STRG.48 2383 99989
16 CAGCAGCAGCAGCAGC STRG.48.2 gene=STRG.48 2383 99989
16 TCCTGCTGGCCGCCAT STRG.38.1 gene=STRG.38 938 99989
16 ATATATATATATATAC STRG.31.2 gene=STRG.31 4327 99989
16 ATATATATATATATAC STRG.31.3 gene=STRG.31 3237 99989
16 GGAGCTGGAGATGGAG STRG.31.1 gene=STRG.31 1171 99989
16 GGAGCTGGAGATGGAG STRG.31.2 gene=STRG.31 1171 99989
16 AACAAACAAACAAACA STRG.42.1 gene=STRG.42 148 99989
16 AACAAACAAACAAACA STRG.42.2 gene=STRG.42 148 99989
16 CCTCAGCAGCAGCAGC STRG.56.3 gene=STRG.56 425 99989
16 CCGCAGCAGCAGCAGC STRG.18.2 gene=STRG.18 15232 99989
16 CCGCAGCAGCAGCAGC STRG.18.1 gene=STRG.18 15286 99989
16 CAGCAGCAGCAGCAGC STRG.48.1 gene=STRG.48 2383 99989
16 CAGCAGCAGCAGCAGC STRG.48.2 gene=STRG.48 2383 99989
16 TAAATTTCTTTTATTT STRG.1.1 gene=STRG.1 4517 99989
15 TTTTGTTTTGCTTAC STRG.8.1 gene=STRG.8 18 99989
15 CCCAAGGACGAGGAG STRG.37.1 gene=STRG.37 597 99989
15 TTCGGAGGAACGGAG STRG.27.1 gene=STRG.27 3241 99989
15 AAGAAAAACAATTGC STRG.20.3 gene=STRG.20 3124 99989
15 AAGAAAAACAATTGC STRG.20.1 gene=STRG.20 12842 99989
15 AAGAAAAACAATTGC STRG.20.2 gene=STRG.20 13427 99989
15 CACAAGTCTCAGCCT STRG.20.2 gene=STRG.20 9813 99989
15 CAAAAAAAAAAAAAA STRG.31.2 gene=STRG.31 3318 99989
15 CAAAAAAAAAAAAAA STRG.31.3 gene=STRG.31 2228 99989
15 AACACATATACACTC STRG.31.1 gene=STRG.31 3236 99989
15 AACACATATACACTC STRG.31.2 gene=STRG.31 3236 99989
15 AACACATATACACTC STRG.31.3 gene=STRG.31 2146 99989
15 CACACACACACACTC STRG.57.1 gene=STRG.57 246 99989
15 CACACACACACACTC STRG.57.2 gene=STRG.57 246 99989
15 GCAAATGCAACAGCA STRG.20.1 gene=STRG.20 2893 99989
15 GCAAATGCAACAGCA STRG.20.2 gene=STRG.20 2893 99989
15 ATGCAAGTCCTGGCG STRG.20.3 gene=STRG.20 7784 99989
15 ATGCAAGTCCTGGCG STRG.20.1 gene=STRG.20 17502 99989
15 ATGCAAGTCCTGGCG STRG.20.2 gene=STRG.20 18087 99989
15 CAACAGCAGCAGCAG STRG.20.3 gene=STRG.20 3865 99989
15 CAACAGCAGCAGCAG STRG.20.1 gene=STRG.20 1130 99989
15 CAACAGCAGCAGCAG STRG.20.1 gene=STRG.20 13583 99989
15 CAACAGCAGCAGCAG STRG.20.2 gene=STRG.20 1130 99989
15 CAACAGCAGCAGCAG STRG.20.2 gene=STRG.20 14168 99989
15 GCAGCAGCAGCTGCA STRG.48.1 gene=STRG.48 1905 99989
15 GCAGCAGCAGCTGCA STRG.48.2 gene=STRG.48 1905 99989
15 AGTTCCAGTAGCAGC STRG.20.3 gene=STRG.20 6124 99989
15 AGTTCCAGTAGCAGC STRG.20.1 gene=STRG.20 15842 99989
15 AGTTCCAGTAGCAGC STRG.20.2 gene=STRG.20 16427 99989
15 AGCAGCAGCAGCAGC STRG.36.1 gene=STRG.36 692 99989
15 GCAGCAGCAGCAGCA STRG.20.3 gene=STRG.20 3870 99989
15 GCAGCAGCAGCAGCA STRG.20.1 gene=STRG.20 13588 99989
15 GCAGCAGCAGCAGCA STRG.20.2 gene=STRG.20 14173 99989
15 AGCAGCAGCAGCAGC STRG.36.1 gene=STRG.36 692 99989
15 CAGCAGCAGCAGCTC STRG.18.2 gene=STRG.18 13444 99989
15 CAGCAGCAGCAGCTC STRG.18.1 gene=STRG.18 13498 99989
15 CAGCAGCAGCAGCTC STRG.56.3 gene=STRG.56 428 99989
15 GTCAGCCAGCTAATG STRG.52.1 gene=STRG.52 1154 99989
15 TAATGAATAAGTTTA STRG.25.2 gene=STRG.25 806 99989
15 TAATGAATAAGTTTA STRG.25.1 gene=STRG.25 705 99989
15 ATATATATATATATA STRG.31.2 gene=STRG.31 4327 99989
15 ATATATATATATATA STRG.31.3 gene=STRG.31 3237 99989
15 ATATATATATATATA STRG.31.2 gene=STRG.31 4327 99989
15 ATATATATATATATA STRG.31.3 gene=STRG.31 3237 99989
15 ATATATATATATATA STRG.31.2 gene=STRG.31 4327 99989
15 ATATATATATATATA STRG.31.3 gene=STRG.31 3237 99989
15 CACATTTGCCAAAAG STRG.18.2 gene=STRG.18 13973 99989
15 CACATTTGCCAAAAG STRG.18.1 gene=STRG.18 14027 99989
15 TGCGCAGCCATGGCA STRG.48.1 gene=STRG.48 1247 99989
15 TGCGCAGCCATGGCA STRG.48.2 gene=STRG.48 1247 99989
15 ACATAGCAAGCTGAA STRG.14.1 gene=STRG.14 2482 99989
15 AGCAGCAGCAGCAGC STRG.36.1 gene=STRG.36 692 99989
15 GCAGCAGCAGCAGCA STRG.20.3 gene=STRG.20 3870 99989
15 GCAGCAGCAGCAGCA STRG.20.1 gene=STRG.20 13588 99989
15 GCAGCAGCAGCAGCA STRG.20.2 gene=STRG.20 14173 99989
15 CAGCAGCAGCAGCAG STRG.48.1 gene=STRG.48 2383 99989
15 CAGCAGCAGCAGCAG STRG.48.2 gene=STRG.48 2383 99989
15 CTTTAAAAACACATT STRG.4.1 gene=STRG.4 469 99989
15 GAGGAGGAGCTGCAG STRG.18.2 gene=STRG.18 7198 99989
15 GAGGAGGAGCTGCAG STRG.18.1 gene=STRG.18 7252 99989
15 CTTTTGGACAATAAT STRG.59.3 gene=STRG.59 366 99989
15 CTTTTGGACAATAAT STRG.59.1 gene=STRG.59 366 99989
15 CTTTTGGACAATAAT STRG.59.2 gene=STRG.59 1154 99989
15 TTTGGGTTTCAATTT STRG.25.2 gene=STRG.25 563 99989
15 TTTGGGTTTCAATTT STRG.25.1 gene=STRG.25 462 99989
15 GCAGTTGCAGCAGCA STRG.48.1 gene=STRG.48 1899 99989
15 GCAGTTGCAGCAGCA STRG.48.2 gene=STRG.48 1899 99989
15 TGCAGCAGCAACAGT STRG.20.1 gene=STRG.20 1521 99989
15 TGCAGCAGCAACAGT STRG.20.2 gene=STRG.20 1521 99989
15 GAAGCAGCCATGTGT STRG.5.1 gene=STRG.5 5021 99989
15 CGGAATTTCAATATA STRG.5.1 gene=STRG.5 5699 99989
15 AGCTGCCGCAGCAGC STRG.20.1 gene=STRG.20 595 99989
15 AGCTGCCGCAGCAGC STRG.20.2 gene=STRG.20 595 99989
15 GCAGCAGCAGCAGCA STRG.20.3 gene=STRG.20 3870 99989
15 GCAGCAGCAGCAGCA STRG.20.1 gene=STRG.20 13588 99989
15 GCAGCAGCAGCAGCA STRG.20.2 gene=STRG.20 14173 99989
15 AGCAGCAGCAGCAGC STRG.36.1 gene=STRG.36 692 99989
15 GCAGCAGCAGCAGCA STRG.20.3 gene=STRG.20 3870 99989
15 GCAGCAGCAGCAGCA STRG.20.1 gene=STRG.20 13588 99989
15 GCAGCAGCAGCAGCA STRG.20.2 gene=STRG.20 14173 99989
15 AGCAGCAGCAGCAGC STRG.36.1 gene=STRG.36 692 99989
15 GATACAGATACAGAT STRG.48.1 gene=STRG.48 3108 99989
15 TGGCTCCTCCTCCAG STRG.60.1 gene=STRG.60 1037 99989
15 GCATGATTACTTTTT STRG.31.1 gene=STRG.31 2546 99989
15 GCATGATTACTTTTT STRG.31.2 gene=STRG.31 2546 99989
15 GCATGATTACTTTTT STRG.31.3 gene=STRG.31 1456 99989
15 ATATATATATATATA STRG.31.2 gene=STRG.31 4327 99989
15 ATATATATATATATA STRG.31.3 gene=STRG.31 3237 99989
15 ATATATATATATATA STRG.31.2 gene=STRG.31 4327 99989
15 ATATATATATATATA STRG.31.3 gene=STRG.31 3237 99989
15 AACACTTAAATTGCA STRG.12.1 gene=STRG.12 1605 99989
15 TTGTTAGGTACAAAT STRG.12.1 gene=STRG.12 1569 99989
15 GTCCTCGGCATTGCC STRG.3.2 gene=STRG.3 833 99989
15 GTCCTCGGCATTGCC STRG.3.1 gene=STRG.3 450 99989
15 GTCCTCGGCATTGCC STRG.3.3 gene=STRG.3 686 99989
14 AAAATCCTTTGAGC STRG.3.3 gene=STRG.3 64 99989
14 GGACCAAGTTCAAA STRG.20.3 gene=STRG.20 647 99989
14 GGACCAAGTTCAAA STRG.20.1 gene=STRG.20 10365 99989
14 GGACCAAGTTCAAA STRG.20.2 gene=STRG.20 10950 99989
14 AATCTGTGCACACC STRG.52.1 gene=STRG.52 818 99989
14 GAACCCCAATGCCA STRG.36.1 gene=STRG.36 2259 99989
14 GAAGTGGAGTGGAG STRG.13.2 gene=STRG.13 502 99989
14 TTAGATATTTATTT STRG.6.1 gene=STRG.6 1506 99989
14 CAGAAGGTACATTA STRG.4.1 gene=STRG.4 2627 99989
14 TATATATATTTATT STRG.41.2 gene=STRG.41 2516 99989
14 TATATATATTTATT STRG.41.3 gene=STRG.41 2455 99989
14 GTTTTCCAAACCAA STRG.8.1 gene=STRG.8 423 99989
14 AACTTATTTAACTT STRG.31.2 gene=STRG.31 3893 99989
14 AACTTATTTAACTT STRG.31.3 gene=STRG.31 2803 99989
14 AAAACTCAAATTAA STRG.41.2 gene=STRG.41 2667 99989
14 AAAACTCAAATTAA STRG.41.3 gene=STRG.41 2606 99989
14 TTTAAGTACTGCAT STRG.26.2 gene=STRG.26 395 99989
14 CGAAAAACAAGTAA STRG.37.1 gene=STRG.37 657 99989
14 TTCATTTTTTATTT STRG.1.1 gene=STRG.1 4083 99989
14 TCATTTTTTATTTT STRG.34.1 gene=STRG.34 1869 99989
14 CAGTGGAAAGTGGA STRG.57.1 gene=STRG.57 319 99989
14 CAGTGGAAAGTGGA STRG.57.2 gene=STRG.57 319 99989
14 AAAAATATATTAAA STRG.7.1 gene=STRG.7 2253 99989
14 AAAAATATATTAAA STRG.7.3 gene=STRG.7 2128 99989
14 AAAAATATATTAAA STRG.7.4 gene=STRG.7 2128 99989
14 AAAAATATATTAAA STRG.7.2 gene=STRG.7 2101 99989
14 AAAAATATATTAAA STRG.7.5 gene=STRG.7 2057 99989
14 AAAAATATATTAAA STRG.7.6 gene=STRG.7 2177 99989
14 CAGCTTTCCCCACA STRG.20.1 gene=STRG.20 1730 99989
14 CAGCTTTCCCCACA STRG.20.2 gene=STRG.20 1730 99989
14 AAAATCAAATTAAT STRG.22.1 gene=STRG.22 43 99989
14 AAATTGATTTTCTG STRG.60.1 gene=STRG.60 1161 99989
14 ATTTTATTTAAATT STRG.34.1 gene=STRG.34 1785 99989
14 TGTGCGAAATTTGC STRG.12.1 gene=STRG.12 101 99989
14 CAAACACACACACA STRG.31.1 gene=STRG.31 3223 99989
14 CAAACACACACACA STRG.31.2 gene=STRG.31 3223 99989
14 CAAACACACACACA STRG.31.3 gene=STRG.31 2133 99989
14 GCCCAGCTCAATGG STRG.33.1 gene=STRG.33 1157 99989
14 GCCCAGCTCAATGG STRG.33.2 gene=STRG.33 1157 99989
14 AAAAGCATAAATCG STRG.1.1 gene=STRG.1 1214 99989
14 TCCTGTTTATTTGA STRG.14.1 gene=STRG.14 3564 99989
14 TTGAGGCCAAGTGG STRG.49.2 gene=STRG.49 319 99989
14 TTGAGGCCAAGTGG STRG.49.1 gene=STRG.49 239 99989
14 CCTGCCACTCCTGC STRG.36.1 gene=STRG.36 1945 99989
14 CAAGTGGAAAGGCA STRG.5.1 gene=STRG.5 2976 99989
14 GAAGCCAAGGACTC STRG.28.1 gene=STRG.28 598 99989
14 AGCAACAAATGTGC STRG.26.2 gene=STRG.26 636 99989
14 TGGCAGCAACAACA STRG.49.2 gene=STRG.49 184 99989
14 TGGCAGCAACAACA STRG.49.1 gene=STRG.49 104 99989
14 GCAGCAACAACAAA STRG.20.1 gene=STRG.20 1837 99989
14 GCAGCAACAACAAA STRG.20.2 gene=STRG.20 1837 99989
14 ATGCCGGAGGTGAA STRG.13.2 gene=STRG.13 577 99989
14 CAGCAACAGCAGCA STRG.20.1 gene=STRG.20 1601 99989
14 CAGCAACAGCAGCA STRG.20.2 gene=STRG.20 1601 99989
14 CAACAGCAGCAGCA STRG.20.1 gene=STRG.20 2123 99989
14 CAACAGCAGCAGCA STRG.20.2 gene=STRG.20 2123 99989
14 CCGCAGCAGCAGCA STRG.20.1 gene=STRG.20 2246 99989
14 CCGCAGCAGCAGCA STRG.20.2 gene=STRG.20 2246 99989
14 CGCAGCAGCAGCAG STRG.20.1 gene=STRG.20 1416 99989
14 CGCAGCAGCAGCAG STRG.20.2 gene=STRG.20 1416 99989
14 GCAGCAGCAGCAGC STRG.20.3 gene=STRG.20 3870 99989
14 GCAGCAGCAGCAGC STRG.20.1 gene=STRG.20 13588 99989
14 GCAGCAGCAGCAGC STRG.20.2 gene=STRG.20 14173 99989
14 GCAGCAGCAGCAGC STRG.36.1 gene=STRG.36 693 99989
14 GCAGCAGCAGCAGC STRG.48.1 gene=STRG.48 2385 99989
14 GCAGCAGCAGCAGC STRG.48.2 gene=STRG.48 2385 99989
14 CAGCAGCAGCAGCT STRG.18.2 gene=STRG.18 13444 99989
14 CAGCAGCAGCAGCT STRG.18.1 gene=STRG.18 13498 99989
14 CAGCAGCAGCAGCT STRG.20.1 gene=STRG.20 1454 99989
14 CAGCAGCAGCAGCT STRG.20.2 gene=STRG.20 1454 99989
14 CAGCAGCAGCAGCT STRG.56.3 gene=STRG.56 428 99989
14 AGCAGCAGCAGCAG STRG.14.1 gene=STRG.14 4312 99989
14 AGCAGCAGCAGCAG STRG.14.1 gene=STRG.14 4312 99989
14 GCAGCAGCAGCAGC STRG.20.3 gene=STRG.20 3870 99989
14 GCAGCAGCAGCAGC STRG.20.1 gene=STRG.20 13588 99989
14 GCAGCAGCAGCAGC STRG.20.2 gene=STRG.20 14173 99989
14 CGGAGCAGCAGGAA STRG.18.2 gene=STRG.18 9449 99989
14 CGGAGCAGCAGGAA STRG.18.1 gene=STRG.18 9503 99989
14 CCAAATCTGGCGGG STRG.57.1 gene=STRG.57 2090 99989
14 CCAAATCTGGCGGG STRG.57.2 gene=STRG.57 2090 99989
14 ACTGCCGCAGCAGC STRG.44.1 gene=STRG.44 150 99989
14 ACTGCCGCAGCAGC STRG.44.2 gene=STRG.44 150 99989
14 TATATATATATATA STRG.31.2 gene=STRG.31 4328 99989
14 TATATATATATATA STRG.31.3 gene=STRG.31 3238 99989
14 ACACAGCAAACAAA STRG.17.1 gene=STRG.17 91 99989
14 ATCGTTTTTGATGA STRG.30.1 gene=STRG.30 1748 99989
14 TACAGATACAGATA STRG.48.1 gene=STRG.48 3137 99989
14 ACCACACCCACAGC STRG.20.3 gene=STRG.20 5188 99989
14 ACCACACCCACAGC STRG.20.1 gene=STRG.20 14906 99989
14 ACCACACCCACAGC STRG.20.2 gene=STRG.20 15491 99989
14 TTATATTTCCATGC STRG.32.2 gene=STRG.32 1426 99989
14 GTTCCGCCTCGTCC STRG.18.2 gene=STRG.18 7058 99989
14 GTTCCGCCTCGTCC STRG.18.1 gene=STRG.18 7112 99989
14 AAATGGTACTGCAG STRG.5.1 gene=STRG.5 5964 99989
14 GGGCAACATGGAAA STRG.38.1 gene=STRG.38 1419 99989
14 TCACACACACACAC STRG.57.1 gene=STRG.57 245 99989
14 TCACACACACACAC STRG.57.2 gene=STRG.57 245 99989
14 AAGTAGTTTAACTC STRG.18.2 gene=STRG.18 4065 99989
14 AAGTAGTTTAACTC STRG.18.1 gene=STRG.18 4119 99989
14 AAAATTGCATTTAA STRG.13.2 gene=STRG.13 2570 99989
14 TGGTCAACAGAACC STRG.17.1 gene=STRG.17 388 99989
14 TCAGCAGCAGCAGC STRG.18.2 gene=STRG.18 13443 99989
14 TCAGCAGCAGCAGC STRG.18.1 gene=STRG.18 13497 99989
14 AGCAGCAGCAGCAG STRG.14.1 gene=STRG.14 4312 99989
14 AGCAGCAGCAGCAG STRG.36.1 gene=STRG.36 692 99989
14 TCTGCGTGATTTGG STRG.55.1 gene=STRG.55 283 99989
14 CGGCCACGCCCACT STRG.52.1 gene=STRG.52 309 99989
14 ACAGAAACAGAAAC STRG.9.1 gene=STRG.9 62 99989
14 ACAGAAACAGAAAC STRG.9.2 gene=STRG.9 62 99989
14 ACAGAAACAGAAAC STRG.9.3 gene=STRG.9 62 99989
14 AAAGTGTGTTTATT STRG.2.1 gene=STRG.2 594 99989
14 AAAGTGTGTTTATT STRG.2.2 gene=STRG.2 594 99989
14 AAGAAATCGAAGAG STRG.18.2 gene=STRG.18 8725 99989
14 AAGAAATCGAAGAG STRG.18.1 gene=STRG.18 8779 99989
14 CCGTGTTTAACACG STRG.23.3 gene=STRG.23 2686 99989
14 CCGTGTTTAACACG STRG.23.1 gene=STRG.23 2459 99989
14 CCGTGTTTAACACG STRG.23.2 gene=STRG.23 2459 99989
14 CAAAAATTGAAAAA STRG.23.3 gene=STRG.23 981 99989
14 CAAAAATTGAAAAA STRG.23.1 gene=STRG.23 754 99989
14 CAAAAATTGAAAAA STRG.23.2 gene=STRG.23 754 99989
14 AATTGCAGGAGGAA STRG.31.1 gene=STRG.31 1853 99989
14 AATTGCAGGAGGAA STRG.31.2 gene=STRG.31 1853 99989
14 AATTGCAGGAGGAA STRG.31.3 gene=STRG.31 763 99989
14 CTGAAACATGCAAA STRG.18.1 gene=STRG.18 17242 99989
14 GAAAAGGAGCAGCG STRG.18.2 gene=STRG.18 6340 99989
14 GAAAAGGAGCAGCG STRG.18.1 gene=STRG.18 6394 99989
14 ACTGCAAAAGCAAA STRG.14.1 gene=STRG.14 591 99989
14 CCAACAAAGCCAGT STRG.1.1 gene=STRG.1 3660 99989
14 AAAGGAGCTGCCGC STRG.30.1 gene=STRG.30 381 99989
14 CCGCAGCAGCAGCA STRG.20.1 gene=STRG.20 2246 99989
14 CCGCAGCAGCAGCA STRG.20.2 gene=STRG.20 2246 99989
14 CGCAGCAGCAGCAG STRG.20.1 gene=STRG.20 1416 99989
14 CGCAGCAGCAGCAG STRG.20.2 gene=STRG.20 1416 99989
14 AGCAGCAGCAGCAG STRG.14.1 gene=STRG.14 4312 99989
14 AGCAGCAGCAGCAG STRG.14.1 gene=STRG.14 4312 99989
14 GCAGCAGCAGCAGC STRG.20.3 gene=STRG.20 3870 99989
14 GCAGCAGCAGCAGC STRG.20.1 gene=STRG.20 13588 99989
14 GCAGCAGCAGCAGC STRG.20.2 gene=STRG.20 14173 99989
14 TACAGATACAGATA STRG.48.1 gene=STRG.48 3137 99989
14 CCACACACACACAT STRG.43.3 gene=STRG.43 160 99989
14 TCGATGGGCGCATT STRG.20.1 gene=STRG.20 7710 99989
14 TCGATGGGCGCATT STRG.20.2 gene=STRG.20 7710 99989
14 GCTGCTCCTCCTCC STRG.18.2 gene=STRG.18 5524 99989
14 GCTGCTCCTCCTCC STRG.18.1 gene=STRG.18 5578 99989
14 CACTTTAAACCCAA STRG.1.1 gene=STRG.1 2296 99989
14 TTGTGTGTTTACTT STRG.11.1 gene=STRG.11 30 99989
14 AATGGAAATGGAAA STRG.6.1 gene=STRG.6 517 99989
14 ATATATATATATAT STRG.31.2 gene=STRG.31 4327 99989
14 ATATATATATATAT STRG.31.3 gene=STRG.31 3237 99989
14 CTTTTATGTTTTTT STRG.53.1 gene=STRG.53 996 99989
14 CTTTTATGTTTTTT STRG.53.2 gene=STRG.53 996 99989
14 TATATATTGTATAT STRG.23.3 gene=STRG.23 2837 99989
14 TATATATTGTATAT STRG.23.1 gene=STRG.23 2610 99989
14 TATATATTGTATAT STRG.23.2 gene=STRG.23 2610 99989
14 CAACATCGATATCG STRG.49.2 gene=STRG.49 644 99989
14 CAACATCGATATCG STRG.49.1 gene=STRG.49 564 99989
14 GGCCATCAGCACAA STRG.10.3 gene=STRG.10 1013 99989
14 GGCCATCAGCACAA STRG.10.2 gene=STRG.10 893 99989
14 GCCAGCGGCGCCAT STRG.48.1 gene=STRG.48 2518 99989
14 GCTCGTCCGGCAGC STRG.35.1 gene=STRG.35 1237 99989
14 AATTAAATAAAAAC STRG.4.1 gene=STRG.4 1952 99989
14 TTTTTAATTGCTTC STRG.55.1 gene=STRG.55 1355 99989
14 GTTGGCCATTAATT STRG.41.2 gene=STRG.41 1857 99989
14 GTTGGCCATTAATT STRG.41.3 gene=STRG.41 1796 99989
14 GTTGGCCATTAATT STRG.41.1 gene=STRG.41 1585 99989
14 CACTGGAGACGCAA STRG.43.3 gene=STRG.43 123 99989
14 CACTGGAGACGCAA STRG.43.1 gene=STRG.43 123 99989
14 CACTGGAGACGCAA STRG.43.2 gene=STRG.43 123 99989
14 GACTCACACACACA STRG.40.1 gene=STRG.40 19 99989
14 TAAAAAATAAATAA STRG.25.1 gene=STRG.25 777 99989
13 AGGATTTGGATTT STRG.24.1 gene=STRG.24 1316 99989
13 TTTTTTTGTTTTG STRG.33.1 gene=STRG.33 79 99989
13 TTTTTTTGTTTTG STRG.33.2 gene=STRG.33 79 99989
13 GAAAAGGAGAAGA STRG.58.1 gene=STRG.58 868 99989
13 GCAATTTTTAAAT STRG.42.2 gene=STRG.42 926 99989
13 TAAGGCAATATAA STRG.10.6 gene=STRG.10 296 99989
13 TAAGGCAATATAA STRG.10.1 gene=STRG.10 50 99989
13 TAAGGCAATATAA STRG.10.4 gene=STRG.10 50 99989
13 GCCGCAGCCGCGG STRG.20.1 gene=STRG.20 608 99989
13 GCCGCAGCCGCGG STRG.20.2 gene=STRG.20 608 99989
13 GCAGCTGCGAGAA STRG.48.1 gene=STRG.48 2109 99989
13 GCAGCTGCGAGAA STRG.48.2 gene=STRG.48 2109 99989
13 GGAACTGGCGGCG STRG.20.3 gene=STRG.20 480 99989
13 GGAACTGGCGGCG STRG.20.1 gene=STRG.20 10198 99989
13 GGAACTGGCGGCG STRG.20.2 gene=STRG.20 10783 99989
13 TGCCATTGCCCGA STRG.20.2 gene=STRG.20 10009 99989
13 GCATCATTGGCGA STRG.23.3 gene=STRG.23 2287 99989
13 GCATCATTGGCGA STRG.23.1 gene=STRG.23 2060 99989
13 GCATCATTGGCGA STRG.23.2 gene=STRG.23 2060 99989
13 CCTGGCCAAAACA STRG.60.1 gene=STRG.60 17 99989
13 TGCCAGCTGCTTC STRG.31.1 gene=STRG.31 976 99989
13 TGCCAGCTGCTTC STRG.31.2 gene=STRG.31 976 99989
13 TTCCCTAAAAGAT STRG.2.1 gene=STRG.2 3244 99989
13 TTCCCTAAAAGAT STRG.2.2 gene=STRG.2 3244 99989
13 CGCTCAGTGCCGA STRG.30.1 gene=STRG.30 190 99989
13 ATGAGCAGCAATG STRG.20.3 gene=STRG.20 7901 99989
13 ATGAGCAGCAATG STRG.20.1 gene=STRG.20 17619 99989
13 ATGAGCAGCAATG STRG.20.2 gene=STRG.20 18204 99989
13 CAACGGCAGCGCC STRG.46.1 gene=STRG.46 807 99989
13 GAATTTGATTTTA STRG.4.1 gene=STRG.4 1454 99989
13 TCCACCACCGATG STRG.51.1 gene=STRG.51 1312 99989
13 CAGTACCACCCAC STRG.42.1 gene=STRG.42 634 99989
13 CAGTACCACCCAC STRG.42.2 gene=STRG.42 1836 99989
13 ATTTAAAAAGAAA STRG.18.1 gene=STRG.18 17500 99989
13 AAAAGAAAAACAA STRG.31.1 gene=STRG.31 2633 99989
13 AAAAGAAAAACAA STRG.31.2 gene=STRG.31 2633 99989
13 AAAAGAAAAACAA STRG.31.3 gene=STRG.31 1543 99989
13 CGAGCAAATAATC STRG.50.1 gene=STRG.50 245 99989
13 CGGCAGTGGCAGC STRG.33.1 gene=STRG.33 25 99989
13 CGGCAGTGGCAGC STRG.33.2 gene=STRG.33 25 99989
13 ACCACCGCCCCCC STRG.20.1 gene=STRG.20 1819 99989
13 ACCACCGCCCCCC STRG.20.2 gene=STRG.20 1819 99989
13 ATTTATTTCTCGT STRG.5.1 gene=STRG.5 1140 99989
13 TTTTATAAAAAAA STRG.50.1 gene=STRG.50 684 99989
13 TTATAAAAAAATT STRG.1.1 gene=STRG.1 4487 99989
13 TATTTATATAATT STRG.20.3 gene=STRG.20 7228 99989
13 TATTTATATAATT STRG.20.1 gene=STRG.20 16946 99989
13 TATTTATATAATT STRG.20.2 gene=STRG.20 17531 99989
13 TTTATATAATTGA STRG.57.1 gene=STRG.57 2674 99989
13 TTTATATAATTGA STRG.57.2 gene=STRG.57 2674 99989
13 AAATTTTACATTT STRG.41.2 gene=STRG.41 2575 99989
13 AAATTTTACATTT STRG.41.3 gene=STRG.41 2514 99989
13 TTCAATTAAAAAA STRG.25.1 gene=STRG.25 771 99989
13 CAACAAATCCTGG STRG.22.1 gene=STRG.22 416 99989
13 TGTGTGCGTGGCA STRG.59.2 gene=STRG.59 363 99989
13 GTTTGTGTTTTGG STRG.28.1 gene=STRG.28 36 99989
13 GCCACAGCAATTG STRG.4.1 gene=STRG.4 107 99989
13 ATTTTGTTATTGT STRG.13.2 gene=STRG.13 2967 99989
13 GTATAAACACAAA STRG.1.1 gene=STRG.1 4320 99989
13 GCTTTTGCATTCT STRG.4.1 gene=STRG.4 1526 99989
13 AATAAAAAAGTGA STRG.3.2 gene=STRG.3 1766 99989
13 AATAAAAAAGTGA STRG.3.1 gene=STRG.3 1383 99989
13 AATAAAAAAGTGA STRG.3.3 gene=STRG.3 1619 99989
13 ATTTTGAAAAGAT STRG.41.2 gene=STRG.41 2363 99989
13 ATTTTGAAAAGAT STRG.41.3 gene=STRG.41 2302 99989
13 GAAAGAAAATCCC STRG.2.1 gene=STRG.2 2842 99989
13 GAAAGAAAATCCC STRG.2.2 gene=STRG.2 2842 99989
13 GTGGTTTTTATTT STRG.5.1 gene=STRG.5 3013 99989
13 TATTTTTGTTTTC STRG.27.1 gene=STRG.27 40 99989
13 GCCAGAGACAAAT STRG.49.2 gene=STRG.49 227 99989
13 GCCAGAGACAAAT STRG.49.1 gene=STRG.49 147 99989
13 GAAAATGCTAGCG STRG.20.2 gene=STRG.20 9620 99989
13 GGAAATAGCAACA STRG.18.2 gene=STRG.18 4885 99989
13 GGAAATAGCAACA STRG.18.1 gene=STRG.18 4939 99989
13 TTACATTTTATTT STRG.45.1 gene=STRG.45 780 99989
13 TTGCATACTTAAT STRG.20.3 gene=STRG.20 8054 99989
13 TTGCATACTTAAT STRG.20.1 gene=STRG.20 17772 99989
13 TTGCATACTTAAT STRG.20.2 gene=STRG.20 18357 99989
13 ACATGCGTGGCAA STRG.32.2 gene=STRG.32 906 99989
13 ACATGCGTGGCAA STRG.32.1 gene=STRG.32 906 99989
13 AAACAATAACAGA STRG.41.2 gene=STRG.41 387 99989
13 AAACAATAACAGA STRG.41.3 gene=STRG.41 326 99989
13 AAACAATAACAGA STRG.41.1 gene=STRG.41 115 99989
13 GGAAACACTGCAG STRG.1.1 gene=STRG.1 2962 99989
13 ATATAATTGAATT STRG.57.1 gene=STRG.57 2677 99989
13 ATATAATTGAATT STRG.57.2 gene=STRG.57 2677 99989
13 ATGCAACAAATGA STRG.13.1 gene=STRG.13 111 99989
13 GTTCCAACTCCAG STRG.18.2 gene=STRG.18 4658 99989
13 GTTCCAACTCCAG STRG.18.1 gene=STRG.18 4712 99989
13 AGCAGGTGGAAAC STRG.13.2 gene=STRG.13 726 99989
13 AACAGCAACAACA STRG.18.2 gene=STRG.18 2873 99989
13 AACAGCAACAACA STRG.18.1 gene=STRG.18 2873 99989
13 ACAGCAACAACAG STRG.20.1 gene=STRG.20 3090 99989
13 ACAGCAACAACAG STRG.20.2 gene=STRG.20 3090 99989
13 CAGCAACAACAGA STRG.20.1 gene=STRG.20 1610 99989
13 CAGCAACAACAGA STRG.20.2 gene=STRG.20 1610 99989
13 AAAATCGCTGGCT STRG.26.1 gene=STRG.26 1110 99989
13 AAAATCGCTGGCT STRG.26.2 gene=STRG.26 2132 99989
13 CTTGCAGGCGGCA STRG.52.1 gene=STRG.52 425 99989
13 TTTCTGCGCAGCT STRG.1.1 gene=STRG.1 2691 99989
13 ATGCTAATAATTA STRG.4.1 gene=STRG.4 1944 99989
13 ATCCTGGTCCCCA STRG.5.1 gene=STRG.5 1543 99989
13 CTCCATTTCGCCC STRG.31.1 gene=STRG.31 2007 99989
13 CTCCATTTCGCCC STRG.31.2 gene=STRG.31 2007 99989
13 CTCCATTTCGCCC STRG.31.3 gene=STRG.31 917 99989
13 AAAATCAAATTCA STRG.18.2 gene=STRG.18 9203 99989
13 AAAATCAAATTCA STRG.18.1 gene=STRG.18 9257 99989
13 TTGTTTTTTTTTT STRG.27.1 gene=STRG.27 64 99989
13 GAAGAGCAGAAAA STRG.12.1 gene=STRG.12 1168 99989
13 CGGAGTTGAATTG STRG.1.1 gene=STRG.1 580 99989
13 GAAGAGGAAAAAG STRG.18.2 gene=STRG.18 6259 99989
13 GAAGAGGAAAAAG STRG.18.1 gene=STRG.18 6313 99989
13 TCCTGGCATCGAG STRG.27.1 gene=STRG.27 939 99989
13 GCATGCAGTACTT STRG.49.2 gene=STRG.49 487 99989
13 GCATGCAGTACTT STRG.49.1 gene=STRG.49 407 99989
13 GCAGCAGCCACAG STRG.18.2 gene=STRG.18 11811 99989
13 GCAGCAGCCACAG STRG.18.1 gene=STRG.18 11865 99989
13 CATAAATGCCAGC STRG.20.1 gene=STRG.20 9022 99989
13 CATAAATGCCAGC STRG.20.2 gene=STRG.20 9022 99989
13 CAAATACACACAT STRG.43.3 gene=STRG.43 802 99989
13 CAAATACACACAT STRG.43.1 gene=STRG.43 773 99989
13 CAAATACACACAT STRG.43.2 gene=STRG.43 769 99989
13 ACGCCTCATTTGC STRG.52.1 gene=STRG.52 387 99989
13 ATTCCACTGCCTT STRG.16.2 gene=STRG.16 669 99989
13 CTGCTTTCCTGCT STRG.13.1 gene=STRG.13 3220 99989
13 CACACACACACAT STRG.43.3 gene=STRG.43 161 99989
13 GAAAAGTTGTTGC STRG.18.2 gene=STRG.18 9520 99989
13 GAAAAGTTGTTGC STRG.18.1 gene=STRG.18 9574 99989
13 CTTCACCCGCTTT STRG.59.3 gene=STRG.59 1873 99989
13 CTTCACCCGCTTT STRG.59.1 gene=STRG.59 1873 99989
13 CTTCACCCGCTTT STRG.59.2 gene=STRG.59 2661 99989
13 GTGGAGCAGGCGG STRG.20.1 gene=STRG.20 1953 99989
13 GTGGAGCAGGCGG STRG.20.2 gene=STRG.20 1953 99989
13 GCACTGCAGCTGA STRG.18.2 gene=STRG.18 16049 99989
13 GCACTGCAGCTGA STRG.18.1 gene=STRG.18 16103 99989
13 CTGCCTGCACCGC STRG.18.2 gene=STRG.18 10951 99989
13 CTGCCTGCACCGC STRG.18.1 gene=STRG.18 11005 99989
13 CAGCCTTCAAACG STRG.50.1 gene=STRG.50 97 99989
13 TATTTGCCCATCT STRG.56.3 gene=STRG.56 830 99989
13 TTTGCAGCAAGCT STRG.57.1 gene=STRG.57 563 99989
13 TTTGCAGCAAGCT STRG.57.2 gene=STRG.57 563 99989
13 CCGCAGGACCACC STRG.22.1 gene=STRG.22 1571 99989
13 CCGCAGGACCACC STRG.34.1 gene=STRG.34 284 99989
13 ACACACGCGCACA STRG.59.3 gene=STRG.59 209 99989
13 ACACACGCGCACA STRG.59.1 gene=STRG.59 209 99989
13 ACACACGCGCACA STRG.59.2 gene=STRG.59 997 99989
13 CGCAACAGCAAAC STRG.20.1 gene=STRG.20 2976 99989
13 CGCAACAGCAAAC STRG.20.2 gene=STRG.20 2976 99989
13 CTGCTGGCCACCA STRG.35.1 gene=STRG.35 1041 99989
13 TTCAAATGTTGTT STRG.41.2 gene=STRG.41 2470 99989
13 TTCAAATGTTGTT STRG.41.3 gene=STRG.41 2409 99989
13 ATTTGCCAGCTGC STRG.12.1 gene=STRG.12 109 99989
13 CCACACACACACA STRG.43.3 gene=STRG.43 160 99989
13 CACACACACACAC STRG.57.1 gene=STRG.57 246 99989
13 CACACACACACAC STRG.57.2 gene=STRG.57 246 99989
13 GAACCGCAGGCAG STRG.53.1 gene=STRG.53 380 99989
13 GAACCGCAGGCAG STRG.53.2 gene=STRG.53 380 99989
13 TTCAACCAAATCG STRG.4.1 gene=STRG.4 2715 99989
13 TGTTTGCCTGTCG STRG.43.3 gene=STRG.43 555 99989
13 TGTTTGCCTGTCG STRG.43.1 gene=STRG.43 526 99989
13 TGTTTGCCTGTCG STRG.43.2 gene=STRG.43 522 99989
13 GCAAGTGCAACAG STRG.20.1 gene=STRG.20 1099 99989
13 GCAAGTGCAACAG STRG.20.2 gene=STRG.20 1099 99989
13 CAAATTGCGAGAA STRG.20.3 gene=STRG.20 846 99989
13 CAAATTGCGAGAA STRG.20.1 gene=STRG.20 10564 99989
13 CAAATTGCGAGAA STRG.20.2 gene=STRG.20 11149 99989
13 CAAATGTGCGCCA STRG.53.1 gene=STRG.53 103 99989
13 CAAATGTGCGCCA STRG.53.2 gene=STRG.53 103 99989
13 CGCACACACACAC STRG.48.1 gene=STRG.48 359 99989
13 CGCACACACACAC STRG.48.2 gene=STRG.48 359 99989
13 CACACACACACAC STRG.57.1 gene=STRG.57 246 99989
13 CACACACACACAC STRG.57.2 gene=STRG.57 246 99989
13 CACACACACACAC STRG.57.1 gene=STRG.57 246 99989
13 CACACACACACAC STRG.57.2 gene=STRG.57 246 99989
13 CACACACACACAC STRG.57.1 gene=STRG.57 246 99989
13 CACACACACACAC STRG.57.2 gene=STRG.57 246 99989
13 ATTATCGAGACTC STRG.16.2 gene=STRG.16 606 99989
13 TTAAATTAAATTA STRG.1.1 gene=STRG.1 4022 99989
13 AAATATGAAAAGT STRG.7.1 gene=STRG.7 2270 99989
13 AAATATGAAAAGT STRG.7.3 gene=STRG.7 2145 99989
13 AAATATGAAAAGT STRG.7.4 gene=STRG.7 2145 99989
13 AAATATGAAAAGT STRG.7.2 gene=STRG.7 2118 99989
13 AAATATGAAAAGT STRG.7.5 gene=STRG.7 2074 99989
13 AAATATGAAAAGT STRG.7.6 gene=STRG.7 2194 99989
13 AAAACGTTTTCGG STRG.31.1 gene=STRG.31 2650 99989
13 AAAACGTTTTCGG STRG.31.2 gene=STRG.31 2650 99989
13 AAAACGTTTTCGG STRG.31.3 gene=STRG.31 1560 99989
13 GCGGCAAACGATT STRG.32.2 gene=STRG.32 578 99989
13 GCGGCAAACGATT STRG.32.1 gene=STRG.32 578 99989
13 TGTTGGGGGTGGT STRG.20.1 gene=STRG.20 2476 99989
13 TGTTGGGGGTGGT STRG.20.2 gene=STRG.20 2476 99989
13 AAGTGAAATAAAA STRG.48.2 gene=STRG.48 2598 99989
13 CGAATTCCAGCTG STRG.21.2 gene=STRG.21 640 99989
13 CGAATTCCAGCTG STRG.21.1 gene=STRG.21 640 99989
13 GCCAAGGGTTAAG STRG.57.1 gene=STRG.57 410 99989
13 GCCAAGGGTTAAG STRG.57.2 gene=STRG.57 410 99989
13 CCAAAAAAGAAAA STRG.2.1 gene=STRG.2 1604 99989
13 CCAAAAAAGAAAA STRG.2.2 gene=STRG.2 1604 99989
13 CAATAAAAACAAA STRG.48.1 gene=STRG.48 3492 99989
13 TAAAAACAAAAGT STRG.4.1 gene=STRG.4 2507 99989
13 TGCTAATTTGGCC STRG.21.2 gene=STRG.21 670 99989
13 TGCTAATTTGGCC STRG.21.1 gene=STRG.21 670 99989
13 AAGGAATTGGGAA STRG.53.2 gene=STRG.53 1036 99989
13 GCAACAACAACAA STRG.20.3 gene=STRG.20 164 99989
13 GCAACAACAACAA STRG.20.1 gene=STRG.20 1120 99989
13 GCAACAACAACAA STRG.20.2 gene=STRG.20 1120 99989
13 GCTGGCAGCAACA STRG.42.2 gene=STRG.42 1154 99989
13 GCAGCAACAACAA STRG.2.1 gene=STRG.2 2407 99989
13 GCAGCAACAACAA STRG.2.2 gene=STRG.2 2407 99989
13 GCAGCAACAACAA STRG.20.3 gene=STRG.20 3879 99989
13 GCAGCAACAACAA STRG.20.1 gene=STRG.20 1117 99989
13 GCAGCAACAACAA STRG.20.1 gene=STRG.20 13597 99989
13 GCAGCAACAACAA STRG.20.2 gene=STRG.20 1117 99989
13 GCAGCAACAACAA STRG.20.2 gene=STRG.20 14182 99989
13 AGCAACAACAAAG STRG.18.2 gene=STRG.18 2876 99989
13 AGCAACAACAAAG STRG.18.1 gene=STRG.18 2876 99989
13 CTGGCCAATGCGG STRG.48.1 gene=STRG.48 1399 99989
13 CTGGCCAATGCGG STRG.48.2 gene=STRG.48 1399 99989
13 CAGGTGGACAAGG STRG.36.1 gene=STRG.36 1087 99989
13 GAGCTGGGCCACA STRG.54.1 gene=STRG.54 700 99989
13 CAGAAGGTGGCCA STRG.48.1 gene=STRG.48 1528 99989
13 CAGAAGGTGGCCA STRG.48.2 gene=STRG.48 1528 99989
13 GCAACAGCAGCAG STRG.19.1 gene=STRG.19 294 99989
13 AACAGCAGCAGCA STRG.20.1 gene=STRG.20 3182 99989
13 AACAGCAGCAGCA STRG.20.2 gene=STRG.20 3182 99989
13 CAGCAGCAGCAGG STRG.20.1 gene=STRG.20 1418 99989
13 CAGCAGCAGCAGG STRG.20.1 gene=STRG.20 2189 99989
13 CAGCAGCAGCAGG STRG.20.2 gene=STRG.20 1418 99989
13 CAGCAGCAGCAGG STRG.20.2 gene=STRG.20 2189 99989
13 CCGCAGCAGCAGC STRG.20.1 gene=STRG.20 9966 99989
13 CCGCAGCAGCAGC STRG.20.2 gene=STRG.20 10551 99989
13 CGCAGCAGCAGCA STRG.20.1 gene=STRG.20 2988 99989
13 CGCAGCAGCAGCA STRG.20.2 gene=STRG.20 2988 99989
13 GCAGCAGCAGCAG STRG.20.1 gene=STRG.20 1135 99989
13 GCAGCAGCAGCAG STRG.20.1 gene=STRG.20 2188 99989
13 GCAGCAGCAGCAG STRG.20.2 gene=STRG.20 1135 99989
13 GCAGCAGCAGCAG STRG.20.2 gene=STRG.20 2188 99989
13 GCAGCAGCAGCAG STRG.14.1 gene=STRG.14 4313 99989
13 CAGCAGCAGCAGC STRG.48.1 gene=STRG.48 2383 99989
13 CAGCAGCAGCAGC STRG.48.2 gene=STRG.48 2383 99989
13 CAGCAGCAGCTGC STRG.20.3 gene=STRG.20 5933 99989
13 CAGCAGCAGCTGC STRG.20.1 gene=STRG.20 15651 99989
13 CAGCAGCAGCTGC STRG.20.2 gene=STRG.20 16236 99989
13 AGCAGCTGCAGCA STRG.28.1 gene=STRG.28 75 99989
13 TGCAGCAACAGCA STRG.18.2 gene=STRG.18 13427 99989
13 TGCAGCAACAGCA STRG.18.1 gene=STRG.18 13481 99989
13 GCAGCAGCAGCAG STRG.20.1 gene=STRG.20 1135 99989
13 GCAGCAGCAGCAG STRG.20.1 gene=STRG.20 2188 99989
13 GCAGCAGCAGCAG STRG.20.2 gene=STRG.20 1135 99989
13 GCAGCAGCAGCAG STRG.20.2 gene=STRG.20 2188 99989
13 CAGCAGCAGCAGC STRG.18.2 gene=STRG.18 13444 99989
13 CAGCAGCAGCAGC STRG.18.1 gene=STRG.18 13498 99989
13 CAGCAGCAGCAGC STRG.20.1 gene=STRG.20 1454 99989
13 CAGCAGCAGCAGC STRG.20.2 gene=STRG.20 1454 99989
13 CAGCAGCAGCAGC STRG.56.3 gene=STRG.56 428 99989
13 GCAGCAGCAGCAG STRG.20.1 gene=STRG.20 1135 99989
13 GCAGCAGCAGCAG STRG.20.1 gene=STRG.20 2188 99989
13 GCAGCAGCAGCAG STRG.20.2 gene=STRG.20 1135 99989
13 GCAGCAGCAGCAG STRG.20.2 gene=STRG.20 2188 99989
13 CAGCAGCAGCAGC STRG.48.1 gene=STRG.48 2383 99989
13 CAGCAGCAGCAGC STRG.48.2 gene=STRG.48 2383 99989
13 CAGCAGCAGCTCC STRG.48.1 gene=STRG.48 1921 99989
13 CAGCAGCAGCTCC STRG.48.2 gene=STRG.48 1921 99989
13 CAAGCTGATGGCC STRG.60.1 gene=STRG.60 386 99989
13 CCAAGGACTCGCA STRG.28.1 gene=STRG.28 602 99989
13 TTCGTGATGCATG STRG.35.1 gene=STRG.35 1056 99989
13 AGAAACCGCCGAG STRG.2.1 gene=STRG.2 3296 99989
13 AGAAACCGCCGAG STRG.2.2 gene=STRG.2 3296 99989
13 TTCGTAACATGGA STRG.2.1 gene=STRG.2 513 99989
13 TTCGTAACATGGA STRG.2.2 gene=STRG.2 513 99989
13 TGAGCGCGGAGTT STRG.52.1 gene=STRG.52 792 99989
13 ATTTTGCTTGTAC STRG.59.2 gene=STRG.59 421 99989
13 TGCCTCATTGCCG STRG.51.1 gene=STRG.51 496 99989
13 TACTTCCCCACTC STRG.3.2 gene=STRG.3 1303 99989
13 TACTTCCCCACTC STRG.3.1 gene=STRG.3 920 99989
13 TACTTCCCCACTC STRG.3.3 gene=STRG.3 1156 99989
13 TACATACATACAT STRG.3.2 gene=STRG.3 54 99989
13 ATGTCCTTCACTC STRG.5.1 gene=STRG.5 2898 99989
13 GGAAACTGAAGAC STRG.18.2 gene=STRG.18 8270 99989
13 GGAAACTGAAGAC STRG.18.1 gene=STRG.18 8324 99989
13 CAGCTTTAAAATC STRG.15.1 gene=STRG.15 663 99989
13 AAAAATGGAAAAT STRG.44.1 gene=STRG.44 62 99989
13 AAAAATGGAAAAT STRG.44.2 gene=STRG.44 62 99989
13 CAGCACAAAAGTG STRG.57.1 gene=STRG.57 1055 99989
13 CAGCACAAAAGTG STRG.57.2 gene=STRG.57 1055 99989
13 AGAAAATGTTCCC STRG.35.1 gene=STRG.35 1508 99989
13 GACTGCCGCAGCA STRG.20.1 gene=STRG.20 1164 99989
13 GACTGCCGCAGCA STRG.20.2 gene=STRG.20 1164 99989
13 CTGCCGCAGCAGC STRG.20.1 gene=STRG.20 597 99989
13 CTGCCGCAGCAGC STRG.20.2 gene=STRG.20 597 99989
13 CGGCATCACGCTG STRG.41.2 gene=STRG.41 1935 99989
13 CGGCATCACGCTG STRG.41.3 gene=STRG.41 1874 99989
13 CGGCATCACGCTG STRG.41.1 gene=STRG.41 1663 99989
13 CAACCTGGCCAAG STRG.44.1 gene=STRG.44 1967 99989
13 CAACCTGGCCAAG STRG.44.2 gene=STRG.44 1967 99989
13 GATATTTTTATAT STRG.39.1 gene=STRG.39 620 99989
13 TACAGATACAGAT STRG.48.1 gene=STRG.48 3110 99989
13 TACAGATACAGAT STRG.48.1 gene=STRG.48 3137 99989
13 ATATATATATATA STRG.31.2 gene=STRG.31 4343 99989
13 ATATATATATATA STRG.31.3 gene=STRG.31 3253 99989
13 ATATATATATATA STRG.31.2 gene=STRG.31 4343 99989
13 ATATATATATATA STRG.31.3 gene=STRG.31 3253 99989
13 ATATATATATATA STRG.31.2 gene=STRG.31 4343 99989
13 ATATATATATATA STRG.31.3 gene=STRG.31 3253 99989
13 ATATATATATATA STRG.31.2 gene=STRG.31 4343 99989
13 ATATATATATATA STRG.31.3 gene=STRG.31 3253 99989
13 ATATATATATATA STRG.31.2 gene=STRG.31 4327 99989
13 ATATATATATATA STRG.31.2 gene=STRG.31 4343 99989
13 ATATATATATATA STRG.31.3 gene=STRG.31 3237 99989
13 ATATATATATATA STRG.31.3 gene=STRG.31 3253 99989
13 GACTGCTGCCCAT STRG.41.2 gene=STRG.41 939 99989
13 GACTGCTGCCCAT STRG.41.3 gene=STRG.41 878 99989
13 GACTGCTGCCCAT STRG.41.1 gene=STRG.41 667 99989
13 GAAATATTTTCAG STRG.12.1 gene=STRG.12 732 99989
13 GATGGAGACGGAG STRG.14.1 gene=STRG.14 3376 99989
13 GCAACCACAACGG STRG.31.2 gene=STRG.31 4452 99989
13 GCAACCACAACGG STRG.31.3 gene=STRG.31 3362 99989
13 CCAATGCCGGAGA STRG.38.1 gene=STRG.38 232 99989
13 TACAGATACAGAT STRG.48.1 gene=STRG.48 3110 99989
13 ACTCGCAGGACTG STRG.28.1 gene=STRG.28 608 99989
13 GTCTGCGACAGTT STRG.20.1 gene=STRG.20 7065 99989
13 GTCTGCGACAGTT STRG.20.2 gene=STRG.20 7065 99989
13 GACAGTTGACAGC STRG.29.1 gene=STRG.29 642 99989
13 TGAGCCAAAAATT STRG.18.2 gene=STRG.18 10134 99989
13 TGAGCCAAAAATT STRG.18.1 gene=STRG.18 10188 99989
13 AGAAGGCAGAGAA STRG.44.1 gene=STRG.44 1946 99989
13 AGAAGGCAGAGAA STRG.44.2 gene=STRG.44 1946 99989
13 CACACACACACAC STRG.57.1 gene=STRG.57 246 99989
13 CACACACACACAC STRG.57.2 gene=STRG.57 246 99989
13 TCTGGCTCTGGAG STRG.14.1 gene=STRG.14 1570 99989
13 ATATGGAAACCCG STRG.28.1 gene=STRG.28 1102 99989
13 TGGTGCGTGTGTG STRG.31.1 gene=STRG.31 276 99989
13 TGGTGCGTGTGTG STRG.31.2 gene=STRG.31 276 99989
13 TGCAACGGCAGCA STRG.7.1 gene=STRG.7 424 99989
13 TGCAACGGCAGCA STRG.7.3 gene=STRG.7 299 99989
13 TGCAACGGCAGCA STRG.7.4 gene=STRG.7 299 99989
13 TGCAACGGCAGCA STRG.7.2 gene=STRG.7 272 99989
13 TGCAACGGCAGCA STRG.7.5 gene=STRG.7 228 99989
13 TGCAACGGCAGCA STRG.7.6 gene=STRG.7 348 99989
13 TTGGCAGCTGCCA STRG.5.1 gene=STRG.5 5918 99989
13 AAACAAATACGAA STRG.27.1 gene=STRG.27 3568 99989
13 AACAACAATGCAA STRG.20.3 gene=STRG.20 169 99989
13 GCGACTTTATGGC STRG.59.3 gene=STRG.59 505 99989
13 GCGACTTTATGGC STRG.59.1 gene=STRG.59 505 99989
13 GCGACTTTATGGC STRG.59.2 gene=STRG.59 1293 99989
13 GAAACAAAGTGCT STRG.20.3 gene=STRG.20 7284 99989
13 GAAACAAAGTGCT STRG.20.1 gene=STRG.20 17002 99989
13 GAAACAAAGTGCT STRG.20.2 gene=STRG.20 17587 99989
13 CCAAACCCCCAAT STRG.5.1 gene=STRG.5 3578 99989
13 ACTTTGTTAAACA STRG.1.1 gene=STRG.1 605 99989
13 AAACAAACAAACA STRG.42.1 gene=STRG.42 147 99989
13 AAACAAACAAACA STRG.42.2 gene=STRG.42 147 99989
13 AAACAAACAAACA STRG.42.2 gene=STRG.42 746 99989
13 ACAAACAAACAGA STRG.6.1 gene=STRG.6 407 99989
13 TTTGGAGAAAACG STRG.20.3 gene=STRG.20 7060 99989
13 TTTGGAGAAAACG STRG.20.1 gene=STRG.20 16778 99989
13 TTTGGAGAAAACG STRG.20.2 gene=STRG.20 17363 99989
13 TATGTGAAGTGCT STRG.13.2 gene=STRG.13 69 99989
13 ATTGATTTTGCAG STRG.3.1 gene=STRG.3 40 99989
13 CCCCAAACCGATG STRG.9.1 gene=STRG.9 1010 99989
13 CCCCAAACCGATG STRG.9.2 gene=STRG.9 1010 99989
13 CCCCAAACCGATG STRG.9.3 gene=STRG.9 1230 99989
13 CGATTAAGTTTTT STRG.18.1 gene=STRG.18 17650 99989
13 TTCTTGTGCTTGC STRG.34.1 gene=STRG.34 873 99989
13 CTAATTTTTTAAT STRG.43.3 gene=STRG.43 907 99989
13 CTAATTTTTTAAT STRG.43.1 gene=STRG.43 878 99989
13 CTAATTTTTTAAT STRG.43.2 gene=STRG.43 874 99989
13 ACGAAAACGAAAT STRG.59.3 gene=STRG.59 2407 99989
13 CAAAAAAAAACAT STRG.5.1 gene=STRG.5 5900 99989
13 AAACCACACCCAC STRG.20.3 gene=STRG.20 5186 99989
13 AAACCACACCCAC STRG.20.1 gene=STRG.20 14904 99989
13 AAACCACACCCAC STRG.20.2 gene=STRG.20 15489 99989
13 CATCCGCAGCGCC STRG.31.1 gene=STRG.31 471 99989
13 CATCCGCAGCGCC STRG.31.2 gene=STRG.31 471 99989
13 TTATTGCCGTCAT STRG.4.1 gene=STRG.4 1221 99989
13 TTTTAATTATATT STRG.32.2 gene=STRG.32 1420 99989
13 TTAACACCACTCC STRG.48.1 gene=STRG.48 3358 99989
13 CGCCCAGCCAGCC STRG.60.1 gene=STRG.60 835 99989
13 CACATGGAGGCGG STRG.14.1 gene=STRG.14 752 99989
13 CCTGCTCCTCCAC STRG.18.2 gene=STRG.18 5548 99989
13 CCTGCTCCTCCAC STRG.18.1 gene=STRG.18 5602 99989
13 CATCCTCATCCTC STRG.59.3 gene=STRG.59 1564 99989
13 CATCCTCATCCTC STRG.59.1 gene=STRG.59 1564 99989
13 CATCCTCATCCTC STRG.59.2 gene=STRG.59 2352 99989
13 TTAATTCTGTCAC STRG.18.2 gene=STRG.18 1901 99989
13 TTAATTCTGTCAC STRG.18.1 gene=STRG.18 1901 99989
13 GAGACAATAATAA STRG.3.3 gene=STRG.3 8 99989
13 TGTTTATTTTGTG STRG.52.1 gene=STRG.52 36 99989
13 ATGCGATAATTCA STRG.28.1 gene=STRG.28 289 99989
13 CGTATCTATTAAT STRG.23.3 gene=STRG.23 2613 99989
13 CGTATCTATTAAT STRG.23.1 gene=STRG.23 2386 99989
13 CGTATCTATTAAT STRG.23.2 gene=STRG.23 2386 99989
13 GGCGGAGGCGGAC STRG.48.1 gene=STRG.48 2773 99989
13 CTCAGCAGCAGCA STRG.18.2 gene=STRG.18 11987 99989
13 CTCAGCAGCAGCA STRG.18.1 gene=STRG.18 12041 99989
13 CTCAGCAGCAGCA STRG.20.1 gene=STRG.20 2403 99989
13 CTCAGCAGCAGCA STRG.20.2 gene=STRG.20 2403 99989
13 CAGCAGCAGCAGC STRG.20.1 gene=STRG.20 1454 99989
13 CAGCAGCAGCAGC STRG.20.2 gene=STRG.20 1454 99989
13 GCAGCAGCAGCAG STRG.20.1 gene=STRG.20 1135 99989
13 GCAGCAGCAGCAG STRG.20.1 gene=STRG.20 2188 99989
13 GCAGCAGCAGCAG STRG.20.2 gene=STRG.20 1135 99989
13 GCAGCAGCAGCAG STRG.20.2 gene=STRG.20 2188 99989
13 CAGCAGCAGCAGC STRG.20.1 gene=STRG.20 1454 99989
13 CAGCAGCAGCAGC STRG.20.2 gene=STRG.20 1454 99989
13 GCAGCAGCAGCAG STRG.20.3 gene=STRG.20 3870 99989
13 GCAGCAGCAGCAG STRG.20.1 gene=STRG.20 1135 99989
13 GCAGCAGCAGCAG STRG.20.1 gene=STRG.20 2188 99989
13 GCAGCAGCAGCAG STRG.20.1 gene=STRG.20 13588 99989
13 GCAGCAGCAGCAG STRG.20.2 gene=STRG.20 1135 99989
13 GCAGCAGCAGCAG STRG.20.2 gene=STRG.20 2188 99989
13 GCAGCAGCAGCAG STRG.20.2 gene=STRG.20 14173 99989
13 ATAAATATATAAA STRG.20.3 gene=STRG.20 8192 99989
13 ATAAATATATAAA STRG.20.1 gene=STRG.20 17910 99989
13 ATAAATATATAAA STRG.20.2 gene=STRG.20 18495 99989
13 TTTTTAATTAAAT STRG.20.3 gene=STRG.20 7839 99989
13 TTTTTAATTAAAT STRG.20.1 gene=STRG.20 17557 99989
13 TTTTTAATTAAAT STRG.20.2 gene=STRG.20 18142 99989
13 AAGAGCTGGAGGA STRG.18.2 gene=STRG.18 1449 99989
13 AAGAGCTGGAGGA STRG.18.1 gene=STRG.18 1449 99989
13 TTAAAAACACATT STRG.2.1 gene=STRG.2 1422 99989
13 TTAAAAACACATT STRG.2.2 gene=STRG.2 1422 99989
13 CCCACCACCACCC STRG.48.1 gene=STRG.48 749 99989
13 CCCACCACCACCC STRG.48.2 gene=STRG.48 749 99989
13 GGACTCGAAAGGA STRG.6.1 gene=STRG.6 208 99989
13 GCAGCAGGAACAG STRG.18.2 gene=STRG.18 9453 99989
13 GCAGCAGGAACAG STRG.18.1 gene=STRG.18 9507 99989
13 ACTGAAATTATAG STRG.28.1 gene=STRG.28 1159 99989
13 AAAAAACAAAATA STRG.31.2 gene=STRG.31 4576 99989
13 AAAAAACAAAATA STRG.31.3 gene=STRG.31 3486 99989
13 ATAAAATAAATAA STRG.5.1 gene=STRG.5 61 99989
13 CGCTGCAGCTGCA STRG.38.1 gene=STRG.38 173 99989
13 TTTAATAAATTGT STRG.1.1 gene=STRG.1 4357 99989
13 AAAAAAACATTGG STRG.5.1 gene=STRG.5 5903 99989
13 TAATTTTTGCATT STRG.1.1 gene=STRG.1 4856 99989
13 TTAAAATTTAATT STRG.57.1 gene=STRG.57 63 99989
13 TTAAAATTTAATT STRG.57.2 gene=STRG.57 63 99989
13 CATGGAAATATAA STRG.29.1 gene=STRG.29 700 99989
13 TAAAAATTAAGTA STRG.42.2 gene=STRG.42 989 99989
13 ATCATTAAAATTT STRG.57.1 gene=STRG.57 59 99989
13 ATCATTAAAATTT STRG.57.2 gene=STRG.57 59 99989
13 TTGTGTGAATTTT STRG.26.2 gene=STRG.26 438 99989
13 AACAAAAAACAAA STRG.59.2 gene=STRG.59 681 99989
13 CAATATATAAATC STRG.44.1 gene=STRG.44 4132 99989
13 CAATATATAAATC STRG.44.2 gene=STRG.44 4132 99989
13 AAGGAAGAGGGAG STRG.20.3 gene=STRG.20 114 99989
13 CCTCAGCAACCTG STRG.18.2 gene=STRG.18 11272 99989
13 CCTCAGCAACCTG STRG.18.1 gene=STRG.18 11326 99989
13 ACACACACATACA STRG.18.1 gene=STRG.18 17915 99989
13 AAATTGCAGGAGG STRG.5.1 gene=STRG.5 5363 99989
13 TTATATTTACATT STRG.9.1 gene=STRG.9 1464 99989
13 TTATATTTACATT STRG.9.2 gene=STRG.9 1464 99989
13 TTATATTTACATT STRG.9.3 gene=STRG.9 1684 99989
13 AAATAGCATTCTG STRG.1.1 gene=STRG.1 1926 99989
13 CAGAATCAGAACC STRG.57.1 gene=STRG.57 893 99989
13 CAGAATCAGAACC STRG.57.2 gene=STRG.57 893 99989
13 GAAGTCCAAGCAG STRG.2.1 gene=STRG.2 1274 99989
13 GAAGTCCAAGCAG STRG.2.2 gene=STRG.2 1274 99989
13 AGGAGCAGAAGAA STRG.30.1 gene=STRG.30 649 99989
13 CGGAGAAGCAATT STRG.1.1 gene=STRG.1 2116 99989
13 ACACAACTCATTT STRG.4.1 gene=STRG.4 531 99989
13 TGCAGCAGCAACA STRG.18.2 gene=STRG.18 11909 99989
13 TGCAGCAGCAACA STRG.18.2 gene=STRG.18 15119 99989
13 TGCAGCAGCAACA STRG.18.1 gene=STRG.18 11963 99989
13 TGCAGCAGCAACA STRG.18.1 gene=STRG.18 15173 99989
13 GCAGCAGCAACAG STRG.20.3 gene=STRG.20 4692 99989
13 GCAGCAGCAACAG STRG.20.1 gene=STRG.20 1474 99989
13 GCAGCAGCAACAG STRG.20.1 gene=STRG.20 2251 99989
13 GCAGCAGCAACAG STRG.20.1 gene=STRG.20 2632 99989
13 GCAGCAGCAACAG STRG.20.1 gene=STRG.20 14410 99989
13 GCAGCAGCAACAG STRG.20.2 gene=STRG.20 1474 99989
13 GCAGCAGCAACAG STRG.20.2 gene=STRG.20 2251 99989
13 GCAGCAGCAACAG STRG.20.2 gene=STRG.20 2632 99989
13 GCAGCAGCAACAG STRG.20.2 gene=STRG.20 14995 99989
13 GCAGCAGCAACAG STRG.48.1 gene=STRG.48 2277 99989
13 GCAGCAGCAACAG STRG.48.1 gene=STRG.48 2391 99989
13 GCAGCAGCAACAG STRG.48.2 gene=STRG.48 2277 99989
13 GCAGCAGCAACAG STRG.48.2 gene=STRG.48 2391 99989
13 CAGCAGCAACAGT STRG.20.1 gene=STRG.20 2738 99989
13 CAGCAGCAACAGT STRG.20.2 gene=STRG.20 2738 99989
13 CTTTAACTAAAAT STRG.21.2 gene=STRG.21 951 99989
13 CTTTAACTAAAAT STRG.21.1 gene=STRG.21 951 99989
13 CCAACGGATGCGC STRG.22.1 gene=STRG.22 1625 99989
13 GAATGCCGCAGCA STRG.1.1 gene=STRG.1 3157 99989
13 TGGAGTGGGAAAG STRG.20.3 gene=STRG.20 2622 99989
13 TGGAGTGGGAAAG STRG.20.1 gene=STRG.20 12340 99989
13 TGGAGTGGGAAAG STRG.20.2 gene=STRG.20 12925 99989
13 CCCGAAATCTGGG STRG.59.3 gene=STRG.59 2371 99989
13 CAAAAGTCCTTTA STRG.13.2 gene=STRG.13 3019 99989
13 CACATTGCACTGG STRG.4.1 gene=STRG.4 478 99989
13 AGAGCATTCTGCA STRG.9.1 gene=STRG.9 322 99989
13 AGAGCATTCTGCA STRG.9.2 gene=STRG.9 322 99989
13 AGAGCATTCTGCA STRG.9.3 gene=STRG.9 542 99989
13 GCTGCATTTCTAT STRG.46.1 gene=STRG.46 821 99989
13 AGCTGCCGCAGCA STRG.57.1 gene=STRG.57 861 99989
13 AGCTGCCGCAGCA STRG.57.2 gene=STRG.57 861 99989
13 CCGCAGCAGCAGC STRG.20.1 gene=STRG.20 9966 99989
13 CCGCAGCAGCAGC STRG.20.2 gene=STRG.20 10551 99989
13 CGCAGCAGCAGCA STRG.20.1 gene=STRG.20 2988 99989
13 CGCAGCAGCAGCA STRG.20.2 gene=STRG.20 2988 99989
13 GCAGCAGCAGCAG STRG.20.1 gene=STRG.20 1135 99989
13 GCAGCAGCAGCAG STRG.20.1 gene=STRG.20 2188 99989
13 GCAGCAGCAGCAG STRG.20.2 gene=STRG.20 1135 99989
13 GCAGCAGCAGCAG STRG.20.2 gene=STRG.20 2188 99989
13 CAGCAGCAGCAGC STRG.20.1 gene=STRG.20 1454 99989
13 CAGCAGCAGCAGC STRG.20.2 gene=STRG.20 1454 99989
13 GCAGCAGCAGCAG STRG.20.1 gene=STRG.20 1135 99989
13 GCAGCAGCAGCAG STRG.20.1 gene=STRG.20 2188 99989
13 GCAGCAGCAGCAG STRG.20.2 gene=STRG.20 1135 99989
13 GCAGCAGCAGCAG STRG.20.2 gene=STRG.20 2188 99989
13 CAGCAGCAGCAGC STRG.20.1 gene=STRG.20 1454 99989
13 CAGCAGCAGCAGC STRG.20.2 gene=STRG.20 1454 99989
13 GCAGCAGCAGCAG STRG.20.1 gene=STRG.20 1135 99989
13 GCAGCAGCAGCAG STRG.20.1 gene=STRG.20 2188 99989
13 GCAGCAGCAGCAG STRG.20.2 gene=STRG.20 1135 99989
13 GCAGCAGCAGCAG STRG.20.2 gene=STRG.20 2188 99989
13 CAGCAGCAGCAGC STRG.20.1 gene=STRG.20 1454 99989
13 CAGCAGCAGCAGC STRG.20.2 gene=STRG.20 1454 99989
13 CAGCAGCAGCAGC STRG.48.1 gene=STRG.48 2383 99989
13 CAGCAGCAGCAGC STRG.48.2 gene=STRG.48 2383 99989
13 GCAGCAACATGCC STRG.18.2 gene=STRG.18 11442 99989
13 GCAGCAACATGCC STRG.18.1 gene=STRG.18 11496 99989
13 CACACACACAAAC STRG.40.1 gene=STRG.40 23 99989
13 ACACACAAACGAG STRG.13.2 gene=STRG.13 1917 99989
13 GGTTAAAATATTG STRG.1.1 gene=STRG.1 4535 99989
13 GGTGCAGCCCATC STRG.48.1 gene=STRG.48 1860 99989
13 GGTGCAGCCCATC STRG.48.2 gene=STRG.48 1860 99989
13 GATGTGGCCGCCG STRG.58.1 gene=STRG.58 331 99989
13 TTGGTTGGAAAAT STRG.5.1 gene=STRG.5 4972 99989
13 GGCCAACAAGTTA STRG.13.1 gene=STRG.13 2213 99989
13 TGCAATAAATTTC STRG.7.3 gene=STRG.7 2357 99989
13 TGCAATAAATTTC STRG.7.4 gene=STRG.7 2357 99989
13 TGCAATAAATTTC STRG.7.2 gene=STRG.7 2330 99989
13 TGCAATAAATTTC STRG.7.5 gene=STRG.7 2286 99989
13 TGCAATAAATTTC STRG.7.6 gene=STRG.7 2406 99989
13 CAGCTGTACTGCA STRG.45.1 gene=STRG.45 418 99989
13 GAAATGCACAAAC STRG.27.1 gene=STRG.27 846 99989
13 GCTCCTCCTCCAG STRG.18.2 gene=STRG.18 5527 99989
13 GCTCCTCCTCCAG STRG.18.1 gene=STRG.18 5581 99989
13 CAAATCCCAGACG STRG.52.1 gene=STRG.52 937 99989
13 GCGAACTGCATTG STRG.2.1 gene=STRG.2 412 99989
13 GCGAACTGCATTG STRG.2.2 gene=STRG.2 412 99989
13 AATGGAAAATATT STRG.44.1 gene=STRG.44 65 99989
13 AATGGAAAATATT STRG.44.2 gene=STRG.44 65 99989
13 ACAGTCTGCACCC STRG.4.1 gene=STRG.4 991 99989
13 AAATGCCAGCGCA STRG.20.1 gene=STRG.20 9025 99989
13 AAATGCCAGCGCA STRG.20.2 gene=STRG.20 9025 99989
13 TTTTTAAGCTTTG STRG.41.2 gene=STRG.41 2018 99989
13 TTTTTAAGCTTTG STRG.41.3 gene=STRG.41 1957 99989
13 TTTTTAAGCTTTG STRG.41.1 gene=STRG.41 1746 99989
13 GAACAACAAACAA STRG.20.3 gene=STRG.20 8108 99989
13 GAACAACAAACAA STRG.20.1 gene=STRG.20 17826 99989
13 GAACAACAAACAA STRG.20.2 gene=STRG.20 18411 99989
13 TGCTGTGCCAAAA STRG.3.2 gene=STRG.3 614 99989
13 TGCTGTGCCAAAA STRG.3.1 gene=STRG.3 231 99989
13 TGCTGTGCCAAAA STRG.3.3 gene=STRG.3 467 99989
13 AATGAAATCGAAA STRG.4.1 gene=STRG.4 1089 99989
13 AAAACAATCAGCA STRG.18.2 gene=STRG.18 15479 99989
13 AAAACAATCAGCA STRG.18.1 gene=STRG.18 15533 99989
13 AGTTTTTGTTCAA STRG.14.1 gene=STRG.14 2655 99989
13 AATGGAAATGGAA STRG.50.1 gene=STRG.50 632 99989
13 AGTTTGCAGTTTA STRG.41.2 gene=STRG.41 103 99989
13 AGTTTGCAGTTTA STRG.41.3 gene=STRG.41 103 99989
13 ACACATGCAGCAG STRG.18.2 gene=STRG.18 11904 99989
13 ACACATGCAGCAG STRG.18.1 gene=STRG.18 11958 99989
13 ATATATATATATA STRG.31.2 gene=STRG.31 4343 99989
13 ATATATATATATA STRG.31.3 gene=STRG.31 3253 99989
13 ATATATATATATA STRG.31.2 gene=STRG.31 4343 99989
13 ATATATATATATA STRG.31.3 gene=STRG.31 3253 99989
13 ATATATATATATA STRG.31.2 gene=STRG.31 4343 99989
13 ATATATATATATA STRG.31.3 gene=STRG.31 3253 99989
13 CAAACCATTTTGT STRG.3.3 gene=STRG.3 40 99989
13 GATGGCAGTGGCA STRG.20.1 gene=STRG.20 4418 99989
13 GATGGCAGTGGCA STRG.20.2 gene=STRG.20 4418 99989
13 TTCTTCTGCTTCG STRG.20.3 gene=STRG.20 2790 99989
13 TTCTTCTGCTTCG STRG.20.1 gene=STRG.20 12508 99989
13 TTCTTCTGCTTCG STRG.20.2 gene=STRG.20 13093 99989
13 TTCCTTCAATTTT STRG.31.1 gene=STRG.31 3163 99989
13 TTCCTTCAATTTT STRG.31.2 gene=STRG.31 3163 99989
13 TTCCTTCAATTTT STRG.31.3 gene=STRG.31 2073 99989
13 CATGGTTGTTGTT STRG.13.2 gene=STRG.13 2847 99989
13 ATTTGCTTTTATT STRG.55.1 gene=STRG.55 1272 99989
13 TTTAGCTGAAATG STRG.20.3 gene=STRG.20 5643 99989
13 TTTAGCTGAAATG STRG.20.1 gene=STRG.20 15361 99989
13 TTTAGCTGAAATG STRG.20.2 gene=STRG.20 15946 99989
13 TTTTCTATCTTTG STRG.31.2 gene=STRG.31 4195 99989
13 TTTTCTATCTTTG STRG.31.3 gene=STRG.31 3105 99989
13 ATATGTTGTATAC STRG.20.3 gene=STRG.20 7574 99989
13 ATATGTTGTATAC STRG.20.1 gene=STRG.20 17292 99989
13 ATATGTTGTATAC STRG.20.2 gene=STRG.20 17877 99989
13 ATACAAATATATT STRG.35.1 gene=STRG.35 1611 99989
13 TAAGTGTGAGTGT STRG.27.1 gene=STRG.27 2258 99989
13 TATGTATATATAT STRG.9.2 gene=STRG.9 1979 99989
13 TATGTATATATAT STRG.9.3 gene=STRG.9 2199 99989
13 TATGTATATATAT STRG.41.2 gene=STRG.41 2536 99989
13 TATGTATATATAT STRG.41.3 gene=STRG.41 2475 99989
13 GCTGCTGCTGGAA STRG.59.2 gene=STRG.59 767 99989
13 AGGTCCAGGAGGA STRG.52.1 gene=STRG.52 2307 99989
13 GGAGGCGGCAGAG STRG.32.2 gene=STRG.32 848 99989
13 GGAGGCGGCAGAG STRG.32.1 gene=STRG.32 848 99989
13 GATTAGTAATTTA STRG.31.1 gene=STRG.31 2337 99989
13 GATTAGTAATTTA STRG.31.2 gene=STRG.31 2337 99989
13 GATTAGTAATTTA STRG.31.3 gene=STRG.31 1247 99989
13 CCTTGGCCTGCTG STRG.35.1 gene=STRG.35 1034 99989
13 ACAAATTAACATC STRG.42.1 gene=STRG.42 1586 99989
13 ACAAATTAACATC STRG.42.2 gene=STRG.42 2788 99989
13 GAATCCTGCCATC STRG.30.1 gene=STRG.30 1559 99989
13 CGACCATTTAAAT STRG.1.1 gene=STRG.1 3574 99989
13 TTCAGTTGAGACA STRG.12.1 gene=STRG.12 395 99989
13 ATCATCCTCATCC STRG.59.3 gene=STRG.59 1562 99989
13 ATCATCCTCATCC STRG.59.1 gene=STRG.59 1562 99989
13 ATCATCCTCATCC STRG.59.2 gene=STRG.59 2350 99989
13 ACGCCCACGCCCA STRG.48.1 gene=STRG.48 2149 99989
13 ACGCCCACGCCCA STRG.48.2 gene=STRG.48 2149 99989
13 GCTTTAACTTTTG STRG.57.2 gene=STRG.57 3394 99989
13 ACAAATGCCGCAT STRG.40.1 gene=STRG.40 882 99989
13 TTTTGTTTTTAAT STRG.2.2 gene=STRG.2 3968 99989
13 CATTTACCATGTT STRG.5.1 gene=STRG.5 2146 99989
13 GCAATAAAAGTAA STRG.8.1 gene=STRG.8 698 99989
13 TAAAAAAGAAAGA STRG.23.3 gene=STRG.23 29 99989
13 GTTTACGGTTCAT STRG.57.2 gene=STRG.57 3439 99989
12 GTTTGGCTGGCT STRG.20.3 gene=STRG.20 5720 99989
12 GTTTGGCTGGCT STRG.20.1 gene=STRG.20 15438 99989
12 GTTTGGCTGGCT STRG.20.2 gene=STRG.20 16023 99989
12 AATCGAAAAGGA STRG.20.3 gene=STRG.20 795 99989
12 AATCGAAAAGGA STRG.20.1 gene=STRG.20 10513 99989
12 AATCGAAAAGGA STRG.20.2 gene=STRG.20 11098 99989
12 CCAGGTGGGCAT STRG.20.1 gene=STRG.20 10021 99989
12 CCAGGTGGGCAT STRG.20.2 gene=STRG.20 10606 99989
12 ACACCAGCGGCT STRG.23.3 gene=STRG.23 517 99989
12 ACACCAGCGGCT STRG.23.1 gene=STRG.23 290 99989
12 ACACCAGCGGCT STRG.23.2 gene=STRG.23 290 99989
12 AAGGAATTTGCT STRG.13.1 gene=STRG.13 2740 99989
12 TCTGGTTGCCAT STRG.5.1 gene=STRG.5 185 99989
12 CACCTCATCGCC STRG.26.1 gene=STRG.26 1867 99989
12 CACCTCATCGCC STRG.26.2 gene=STRG.26 2889 99989
12 AGGAGCAGCCAG STRG.57.1 gene=STRG.57 752 99989
12 AGGAGCAGCCAG STRG.57.2 gene=STRG.57 752 99989
12 TGAAAGACTGCG STRG.18.2 gene=STRG.18 4719 99989
12 TGAAAGACTGCG STRG.18.1 gene=STRG.18 4773 99989
12 AATTTTTAAATT STRG.57.2 gene=STRG.57 3573 99989
12 GAAATGGAATAA STRG.20.3 gene=STRG.20 139 99989
12 AGATGTCGCTGA STRG.1.1 gene=STRG.1 1402 99989
12 CTTTCCCAGCCA STRG.31.2 gene=STRG.31 3536 99989
12 CTTTCCCAGCCA STRG.31.3 gene=STRG.31 2446 99989
12 CATTCTTGTGCT STRG.34.1 gene=STRG.34 871 99989
12 GGAAAAGCAGCT STRG.36.1 gene=STRG.36 2371 99989
12 TTCTTCTACGAC STRG.35.1 gene=STRG.35 783 99989
12 GGTCAACGCCAT STRG.9.2 gene=STRG.9 1758 99989
12 GGTCAACGCCAT STRG.9.3 gene=STRG.9 1978 99989
12 AGAACACGAGAG STRG.18.1 gene=STRG.18 18637 99989
12 AGAGCAAAATAG STRG.41.2 gene=STRG.41 2006 99989
12 AGAGCAAAATAG STRG.41.3 gene=STRG.41 1945 99989
12 AGAGCAAAATAG STRG.41.1 gene=STRG.41 1734 99989
12 CGTTTAATGAGC STRG.11.1 gene=STRG.11 853 99989
12 CAGGCGGAGAAG STRG.59.1 gene=STRG.59 2344 99989
12 CAGGCGGAGAAG STRG.59.2 gene=STRG.59 3132 99989
12 AGGCGGAGAAGC STRG.59.1 gene=STRG.59 2354 99989
12 AGGCGGAGAAGC STRG.59.2 gene=STRG.59 3142 99989
12 CACCAGCTGACC STRG.33.1 gene=STRG.33 1757 99989
12 TTCTGCAGCTGC STRG.20.3 gene=STRG.20 6546 99989
12 TTCTGCAGCTGC STRG.20.1 gene=STRG.20 16264 99989
12 TTCTGCAGCTGC STRG.20.2 gene=STRG.20 16849 99989
12 CAACCTGGAAAC STRG.9.1 gene=STRG.9 344 99989
12 CAACCTGGAAAC STRG.9.2 gene=STRG.9 344 99989
12 CAACCTGGAAAC STRG.9.3 gene=STRG.9 564 99989
12 GACAGCATCGTT STRG.33.1 gene=STRG.33 1430 99989
12 GACAGCATCGTT STRG.33.2 gene=STRG.33 1430 99989
12 GCGCTATCTGGC STRG.14.1 gene=STRG.14 1564 99989
12 TCCTGCAGTTCG STRG.53.1 gene=STRG.53 685 99989
12 TCCTGCAGTTCG STRG.53.2 gene=STRG.53 685 99989
12 GATCCACGGGGT STRG.20.1 gene=STRG.20 282 99989
12 GATCCACGGGGT STRG.20.2 gene=STRG.20 282 99989
12 ATAACGCAGCTC STRG.17.1 gene=STRG.17 204 99989
12 AAGGTGCAGAAG STRG.59.1 gene=STRG.59 2319 99989
12 AAGGTGCAGAAG STRG.59.2 gene=STRG.59 3107 99989
12 GGACCTCATCGA STRG.54.1 gene=STRG.54 165 99989
12 AAGGAAACCAAG STRG.20.2 gene=STRG.20 9950 99989
